Traceback (most recent call last):
  File "/home/runner/micromamba/envs/docs/lib/python3.10/site-packages/jupyter_cache/executors/utils.py", line 58, in single_nb_execution
    executenb(
  File "/home/runner/micromamba/envs/docs/lib/python3.10/site-packages/nbclient/client.py", line 1305, in execute
    return NotebookClient(nb=nb, resources=resources, km=km, **kwargs).execute()
  File "/home/runner/micromamba/envs/docs/lib/python3.10/site-packages/jupyter_core/utils/__init__.py", line 173, in wrapped
    return loop.run_until_complete(inner)
  File "/home/runner/micromamba/envs/docs/lib/python3.10/asyncio/base_events.py", line 649, in run_until_complete
    return future.result()
  File "/home/runner/micromamba/envs/docs/lib/python3.10/site-packages/nbclient/client.py", line 705, in async_execute
    await self.async_execute_cell(
  File "/home/runner/micromamba/envs/docs/lib/python3.10/site-packages/nbclient/client.py", line 1058, in async_execute_cell
    await self._check_raise_for_error(cell, cell_index, exec_reply)
  File "/home/runner/micromamba/envs/docs/lib/python3.10/site-packages/nbclient/client.py", line 914, in _check_raise_for_error
    raise CellExecutionError.from_cell_and_msg(cell, exec_reply_content)
nbclient.exceptions.CellExecutionError: An error occurred while executing the following cell:
------------------
msm.info(molsys, element='atom', selection=donor_atoms)
------------------


[0;31m---------------------------------------------------------------------------[0m
[0;31mValueError[0m                                Traceback (most recent call last)
Cell [0;32mIn[7], line 1[0m
[0;32m----> 1[0m [43mmsm[49m[38;5;241;43m.[39;49m[43minfo[49m[43m([49m[43mmolsys[49m[43m,[49m[43m [49m[43melement[49m[38;5;241;43m=[39;49m[38;5;124;43m'[39;49m[38;5;124;43matom[39;49m[38;5;124;43m'[39;49m[43m,[49m[43m [49m[43mselection[49m[38;5;241;43m=[39;49m[43mdonor_atoms[49m[43m)[49m

File [0;32m~/micromamba/envs/docs/lib/python3.10/site-packages/molsysmt/_private/digestion/digest.py:119[0m, in [0;36mdigest.<locals>.digestor.<locals>.wrapper[0;34m(*args, **kwargs)[0m
[1;32m    117[0m     [38;5;28;01mreturn[39;00m func(all_args[[38;5;124m'[39m[38;5;124mself[39m[38;5;124m'[39m], [38;5;241m*[39m[38;5;241m*[39mfinal_args)
[1;32m    118[0m [38;5;28;01melse[39;00m:
[0;32m--> 119[0m     [38;5;28;01mreturn[39;00m [43mfunc[49m[43m([49m[38;5;241;43m*[39;49m[38;5;241;43m*[39;49m[43mfinal_args[49m[43m)[49m

File [0;32m~/micromamba/envs/docs/lib/python3.10/site-packages/molsysmt/basic/info.py:141[0m, in [0;36minfo[0;34m(molecular_system, element, selection, syntax)[0m
[1;32m    132[0m molecular_system [38;5;241m=[39m aux_molecular_system
[1;32m    134[0m [38;5;28;01mif[39;00m element [38;5;241m==[39m [38;5;124m'[39m[38;5;124matom[39m[38;5;124m'[39m:
[1;32m    136[0m     atom_index, atom_id, atom_name, atom_type, \
[1;32m    137[0m     group_index, group_id, group_name, group_type, \
[1;32m    138[0m     component_index, \
[1;32m    139[0m     chain_index, \
[1;32m    140[0m     molecule_index, molecule_type, \
[0;32m--> 141[0m     entity_index, entity_name [38;5;241m=[39m [43mget[49m[43m([49m[43mmolecular_system[49m[43m,[49m[43m [49m[43melement[49m[38;5;241;43m=[39;49m[43melement[49m[43m,[49m[43m [49m[43mselection[49m[38;5;241;43m=[39;49m[43mselection[49m[43m,[49m
[1;32m    142[0m [43m                                    [49m[43msyntax[49m[38;5;241;43m=[39;49m[43msyntax[49m[43m,[49m[43m [49m[43matom_index[49m[38;5;241;43m=[39;49m[38;5;28;43;01mTrue[39;49;00m[43m,[49m[43m [49m[43matom_id[49m[38;5;241;43m=[39;49m[38;5;28;43;01mTrue[39;49;00m[43m,[49m[43m [49m[43matom_name[49m[38;5;241;43m=[39;49m[38;5;28;43;01mTrue[39;49;00m[43m,[49m
[1;32m    143[0m [43m                                    [49m[43matom_type[49m[38;5;241;43m=[39;49m[38;5;28;43;01mTrue[39;49;00m[43m,[49m[43m [49m[43mgroup_index[49m[38;5;241;43m=[39;49m[38;5;28;43;01mTrue[39;49;00m[43m,[49m[43m [49m[43mgroup_id[49m[38;5;241;43m=[39;49m[38;5;28;43;01mTrue[39;49;00m[43m,[49m[43m [49m[43mgroup_name[49m[38;5;241;43m=[39;49m[38;5;28;43;01mTrue[39;49;00m[43m,[49m
[1;32m    144[0m [43m                                    [49m[43mgroup_type[49m[38;5;241;43m=[39;49m[38;5;28;43;01mTrue[39;49;00m[43m,[49m[43m [49m[43mcomponent_index[49m[38;5;241;43m=[39;49m[38;5;28;43;01mTrue[39;49;00m[43m,[49m[43m [49m[43mchain_index[49m[38;5;241;43m=[39;49m[38;5;28;43;01mTrue[39;49;00m[43m,[49m
[1;32m    145[0m [43m                                    [49m[43mmolecule_index[49m[38;5;241;43m=[39;49m[38;5;28;43;01mTrue[39;49;00m[43m,[49m
[1;32m    146[0m [43m                                    [49m[43mmolecule_type[49m[38;5;241;43m=[39;49m[38;5;28;43;01mTrue[39;49;00m[43m,[49m[43m [49m[43mentity_index[49m[38;5;241;43m=[39;49m[38;5;28;43;01mTrue[39;49;00m[43m,[49m[43m [49m[43mentity_name[49m[38;5;241;43m=[39;49m[38;5;28;43;01mTrue[39;49;00m[43m,[49m
[1;32m    147[0m [43m                                    [49m[43m)[49m
[1;32m    149[0m     [38;5;28;01mif[39;00m [38;5;129;01mnot[39;00m attributes_filter[[38;5;124m'[39m[38;5;124matom_index[39m[38;5;124m'[39m]: atom_index[38;5;241m=[39m[38;5;28;01mNone[39;00m
[1;32m    150[0m     [38;5;28;01mif[39;00m [38;5;129;01mnot[39;00m attributes_filter[[38;5;124m'[39m[38;5;124matom_id[39m[38;5;124m'[39m]: atom_id[38;5;241m=[39m[38;5;28;01mNone[39;00m

File [0;32m~/micromamba/envs/docs/lib/python3.10/site-packages/molsysmt/_private/digestion/digest.py:119[0m, in [0;36mdigest.<locals>.digestor.<locals>.wrapper[0;34m(*args, **kwargs)[0m
[1;32m    117[0m     [38;5;28;01mreturn[39;00m func(all_args[[38;5;124m'[39m[38;5;124mself[39m[38;5;124m'[39m], [38;5;241m*[39m[38;5;241m*[39mfinal_args)
[1;32m    118[0m [38;5;28;01melse[39;00m:
[0;32m--> 119[0m     [38;5;28;01mreturn[39;00m [43mfunc[49m[43m([49m[38;5;241;43m*[39;49m[38;5;241;43m*[39;49m[43mfinal_args[49m[43m)[49m

File [0;32m~/micromamba/envs/docs/lib/python3.10/site-packages/molsysmt/basic/get.py:196[0m, in [0;36mget[0;34m(molecular_system, element, selection, structure_indices, mask, syntax, output_type, **kwargs)[0m
[1;32m    194[0m     [38;5;28;01melse[39;00m:
[1;32m    195[0m         aux_get [38;5;241m=[39m [38;5;28mgetattr[39m(_dict_modules[aux_form], [38;5;124mf[39m[38;5;124m'[39m[38;5;124mget_[39m[38;5;132;01m{[39;00min_attribute[38;5;132;01m}[39;00m[38;5;124m_from_[39m[38;5;132;01m{[39;00melement[38;5;132;01m}[39;00m[38;5;124m'[39m)
[0;32m--> 196[0m         result [38;5;241m=[39m [43maux_get[49m[43m([49m[43maux_item[49m[43m,[49m[43m [49m[38;5;241;43m*[39;49m[38;5;241;43m*[39;49m[43mdict_indices[49m[43m)[49m
[1;32m    198[0m [38;5;28;01melse[39;00m:
[1;32m    200[0m     result [38;5;241m=[39m [38;5;28;01mNone[39;00m

File [0;32m~/micromamba/envs/docs/lib/python3.10/site-packages/molsysmt/_private/digestion/digest.py:119[0m, in [0;36mdigest.<locals>.digestor.<locals>.wrapper[0;34m(*args, **kwargs)[0m
[1;32m    117[0m     [38;5;28;01mreturn[39;00m func(all_args[[38;5;124m'[39m[38;5;124mself[39m[38;5;124m'[39m], [38;5;241m*[39m[38;5;241m*[39mfinal_args)
[1;32m    118[0m [38;5;28;01melse[39;00m:
[0;32m--> 119[0m     [38;5;28;01mreturn[39;00m [43mfunc[49m[43m([49m[38;5;241;43m*[39;49m[38;5;241;43m*[39;49m[43mfinal_args[49m[43m)[49m

File [0;32m~/micromamba/envs/docs/lib/python3.10/site-packages/molsysmt/form/molsysmt_MolSys/get.py:18[0m, in [0;36mget_atom_id_from_atom[0;34m(item, indices)[0m
[1;32m     14[0m [38;5;129m@digest[39m(form[38;5;241m=[39mform)
[1;32m     15[0m [38;5;28;01mdef[39;00m [38;5;21mget_atom_id_from_atom[39m(item, indices[38;5;241m=[39m[38;5;124m'[39m[38;5;124mall[39m[38;5;124m'[39m):
[1;32m     17[0m     [38;5;28;01mfrom[39;00m [38;5;21;01m.[39;00m[38;5;21;01m.[39;00m[38;5;21;01mmolsysmt_Topology[39;00m [38;5;28;01mimport[39;00m get_atom_id_from_atom [38;5;28;01mas[39;00m aux_get
[0;32m---> 18[0m     [38;5;28;01mreturn[39;00m [43maux_get[49m[43m([49m[43mitem[49m[38;5;241;43m.[39;49m[43mtopology[49m[43m,[49m[43m [49m[43mindices[49m[38;5;241;43m=[39;49m[43mindices[49m[43m)[49m

File [0;32m~/micromamba/envs/docs/lib/python3.10/site-packages/molsysmt/_private/digestion/digest.py:119[0m, in [0;36mdigest.<locals>.digestor.<locals>.wrapper[0;34m(*args, **kwargs)[0m
[1;32m    117[0m     [38;5;28;01mreturn[39;00m func(all_args[[38;5;124m'[39m[38;5;124mself[39m[38;5;124m'[39m], [38;5;241m*[39m[38;5;241m*[39mfinal_args)
[1;32m    118[0m [38;5;28;01melse[39;00m:
[0;32m--> 119[0m     [38;5;28;01mreturn[39;00m [43mfunc[49m[43m([49m[38;5;241;43m*[39;49m[38;5;241;43m*[39;49m[43mfinal_args[49m[43m)[49m

File [0;32m~/micromamba/envs/docs/lib/python3.10/site-packages/molsysmt/form/molsysmt_Topology/get.py:25[0m, in [0;36mget_atom_id_from_atom[0;34m(item, indices)[0m
[1;32m     21[0m [38;5;129m@digest[39m(form[38;5;241m=[39mform)
[1;32m     22[0m [38;5;28;01mdef[39;00m [38;5;21mget_atom_id_from_atom[39m(item, indices[38;5;241m=[39m[38;5;124m'[39m[38;5;124mall[39m[38;5;124m'[39m):
[1;32m     24[0m     tmp_indices [38;5;241m=[39m get_atom_index_from_atom(item, indices[38;5;241m=[39mindices)
[0;32m---> 25[0m     output [38;5;241m=[39m [43mitem[49m[38;5;241;43m.[39;49m[43matoms_dataframe[49m[43m[[49m[38;5;124;43m'[39;49m[38;5;124;43matom_id[39;49m[38;5;124;43m'[39;49m[43m][49m[43m[[49m[43mtmp_indices[49m[43m][49m[38;5;241m.[39mto_numpy()
[1;32m     26[0m     [38;5;28;01mreturn[39;00m output

File [0;32m~/micromamba/envs/docs/lib/python3.10/site-packages/pandas/core/series.py:1072[0m, in [0;36mSeries.__getitem__[0;34m(self, key)[0m
[1;32m   1069[0m     key [38;5;241m=[39m np[38;5;241m.[39masarray(key, dtype[38;5;241m=[39m[38;5;28mbool[39m)
[1;32m   1070[0m     [38;5;28;01mreturn[39;00m [38;5;28mself[39m[38;5;241m.[39m_get_rows_with_mask(key)
[0;32m-> 1072[0m [38;5;28;01mreturn[39;00m [38;5;28;43mself[39;49m[38;5;241;43m.[39;49m[43m_get_with[49m[43m([49m[43mkey[49m[43m)[49m

File [0;32m~/micromamba/envs/docs/lib/python3.10/site-packages/pandas/core/series.py:1099[0m, in [0;36mSeries._get_with[0;34m(self, key)[0m
[1;32m   1095[0m [38;5;28;01mif[39;00m key_type [38;5;241m==[39m [38;5;124m"[39m[38;5;124minteger[39m[38;5;124m"[39m:
[1;32m   1096[0m     [38;5;66;03m# We need to decide whether to treat this as a positional indexer[39;00m
[1;32m   1097[0m     [38;5;66;03m#  (i.e. self.iloc) or label-based (i.e. self.loc)[39;00m
[1;32m   1098[0m     [38;5;28;01mif[39;00m [38;5;129;01mnot[39;00m [38;5;28mself[39m[38;5;241m.[39mindex[38;5;241m.[39m_should_fallback_to_positional:
[0;32m-> 1099[0m         [38;5;28;01mreturn[39;00m [38;5;28;43mself[39;49m[38;5;241;43m.[39;49m[43mloc[49m[43m[[49m[43mkey[49m[43m][49m
[1;32m   1100[0m     [38;5;28;01melse[39;00m:
[1;32m   1101[0m         warnings[38;5;241m.[39mwarn(
[1;32m   1102[0m             [38;5;66;03m# GH#50617[39;00m
[1;32m   1103[0m             [38;5;124m"[39m[38;5;124mSeries.__getitem__ treating keys as positions is deprecated. [39m[38;5;124m"[39m
[0;32m   (...)[0m
[1;32m   1108[0m             stacklevel[38;5;241m=[39mfind_stack_level(),
[1;32m   1109[0m         )

File [0;32m~/micromamba/envs/docs/lib/python3.10/site-packages/pandas/core/indexing.py:1153[0m, in [0;36m_LocationIndexer.__getitem__[0;34m(self, key)[0m
[1;32m   1150[0m axis [38;5;241m=[39m [38;5;28mself[39m[38;5;241m.[39maxis [38;5;129;01mor[39;00m [38;5;241m0[39m
[1;32m   1152[0m maybe_callable [38;5;241m=[39m com[38;5;241m.[39mapply_if_callable(key, [38;5;28mself[39m[38;5;241m.[39mobj)
[0;32m-> 1153[0m [38;5;28;01mreturn[39;00m [38;5;28;43mself[39;49m[38;5;241;43m.[39;49m[43m_getitem_axis[49m[43m([49m[43mmaybe_callable[49m[43m,[49m[43m [49m[43maxis[49m[38;5;241;43m=[39;49m[43maxis[49m[43m)[49m

File [0;32m~/micromamba/envs/docs/lib/python3.10/site-packages/pandas/core/indexing.py:1380[0m, in [0;36m_LocIndexer._getitem_axis[0;34m(self, key, axis)[0m
[1;32m   1378[0m [38;5;28;01mif[39;00m [38;5;129;01mnot[39;00m ([38;5;28misinstance[39m(key, [38;5;28mtuple[39m) [38;5;129;01mand[39;00m [38;5;28misinstance[39m(labels, MultiIndex)):
[1;32m   1379[0m     [38;5;28;01mif[39;00m [38;5;28mhasattr[39m(key, [38;5;124m"[39m[38;5;124mndim[39m[38;5;124m"[39m) [38;5;129;01mand[39;00m key[38;5;241m.[39mndim [38;5;241m>[39m [38;5;241m1[39m:
[0;32m-> 1380[0m         [38;5;28;01mraise[39;00m [38;5;167;01mValueError[39;00m([38;5;124m"[39m[38;5;124mCannot index with multidimensional key[39m[38;5;124m"[39m)
[1;32m   1382[0m     [38;5;28;01mreturn[39;00m [38;5;28mself[39m[38;5;241m.[39m_getitem_iterable(key, axis[38;5;241m=[39maxis)
[1;32m   1384[0m [38;5;66;03m# nested tuple slicing[39;00m

[0;31mValueError[0m: Cannot index with multidimensional key

