Traceback (most recent call last):
  File "/home/runner/micromamba/envs/docs/lib/python3.10/site-packages/jupyter_cache/executors/utils.py", line 58, in single_nb_execution
    executenb(
  File "/home/runner/micromamba/envs/docs/lib/python3.10/site-packages/nbclient/client.py", line 1305, in execute
    return NotebookClient(nb=nb, resources=resources, km=km, **kwargs).execute()
  File "/home/runner/micromamba/envs/docs/lib/python3.10/site-packages/jupyter_core/utils/__init__.py", line 173, in wrapped
    return loop.run_until_complete(inner)
  File "/home/runner/micromamba/envs/docs/lib/python3.10/asyncio/base_events.py", line 649, in run_until_complete
    return future.result()
  File "/home/runner/micromamba/envs/docs/lib/python3.10/site-packages/nbclient/client.py", line 705, in async_execute
    await self.async_execute_cell(
  File "/home/runner/micromamba/envs/docs/lib/python3.10/site-packages/nbclient/client.py", line 1058, in async_execute_cell
    await self._check_raise_for_error(cell, cell_index, exec_reply)
  File "/home/runner/micromamba/envs/docs/lib/python3.10/site-packages/nbclient/client.py", line 914, in _check_raise_for_error
    raise CellExecutionError.from_cell_and_msg(cell, exec_reply_content)
nbclient.exceptions.CellExecutionError: An error occurred while executing the following cell:
------------------
missing_heavy_atoms = msm.build.get_missing_heavy_atoms(molecular_system)
------------------


[0;31m---------------------------------------------------------------------------[0m
[0;31mValueError[0m                                Traceback (most recent call last)
Cell [0;32mIn[5], line 1[0m
[0;32m----> 1[0m missing_heavy_atoms [38;5;241m=[39m [43mmsm[49m[38;5;241;43m.[39;49m[43mbuild[49m[38;5;241;43m.[39;49m[43mget_missing_heavy_atoms[49m[43m([49m[43mmolecular_system[49m[43m)[49m

File [0;32m~/micromamba/envs/docs/lib/python3.10/site-packages/molsysmt/_private/digestion/digest.py:119[0m, in [0;36mdigest.<locals>.digestor.<locals>.wrapper[0;34m(*args, **kwargs)[0m
[1;32m    117[0m     [38;5;28;01mreturn[39;00m func(all_args[[38;5;124m'[39m[38;5;124mself[39m[38;5;124m'[39m], [38;5;241m*[39m[38;5;241m*[39mfinal_args)
[1;32m    118[0m [38;5;28;01melse[39;00m:
[0;32m--> 119[0m     [38;5;28;01mreturn[39;00m [43mfunc[49m[43m([49m[38;5;241;43m*[39;49m[38;5;241;43m*[39;49m[43mfinal_args[49m[43m)[49m

File [0;32m~/micromamba/envs/docs/lib/python3.10/site-packages/molsysmt/build/get_missing_heavy_atoms.py:17[0m, in [0;36mget_missing_heavy_atoms[0;34m(molecular_system, selection, syntax, engine)[0m
[1;32m     13[0m [38;5;28;01mfrom[39;00m [38;5;21;01mmolsysmt[39;00m[38;5;21;01m.[39;00m[38;5;21;01mbasic[39;00m [38;5;28;01mimport[39;00m convert, get_form, select
[1;32m     15[0m group_indices_in_selection [38;5;241m=[39m select(molecular_system, element[38;5;241m=[39m[38;5;124m'[39m[38;5;124mgroup[39m[38;5;124m'[39m, selection[38;5;241m=[39mselection)
[0;32m---> 17[0m temp_molecular_system [38;5;241m=[39m [43mconvert[49m[43m([49m[43mmolecular_system[49m[43m,[49m[43m [49m[43mto_form[49m[38;5;241;43m=[39;49m[38;5;124;43m"[39;49m[38;5;124;43mpdbfixer.PDBFixer[39;49m[38;5;124;43m"[39;49m[43m,[49m[43m [49m[43mselection[49m[38;5;241;43m=[39;49m[43mselection[49m[43m,[49m
[1;32m     18[0m [43m                                [49m[43msyntax[49m[38;5;241;43m=[39;49m[43msyntax[49m[43m)[49m
[1;32m     20[0m temp_molecular_system[38;5;241m.[39mfindMissingResidues()
[1;32m     21[0m temp_molecular_system[38;5;241m.[39mfindMissingAtoms()

File [0;32m~/micromamba/envs/docs/lib/python3.10/site-packages/molsysmt/_private/digestion/digest.py:119[0m, in [0;36mdigest.<locals>.digestor.<locals>.wrapper[0;34m(*args, **kwargs)[0m
[1;32m    117[0m     [38;5;28;01mreturn[39;00m func(all_args[[38;5;124m'[39m[38;5;124mself[39m[38;5;124m'[39m], [38;5;241m*[39m[38;5;241m*[39mfinal_args)
[1;32m    118[0m [38;5;28;01melse[39;00m:
[0;32m--> 119[0m     [38;5;28;01mreturn[39;00m [43mfunc[49m[43m([49m[38;5;241;43m*[39;49m[38;5;241;43m*[39;49m[43mfinal_args[49m[43m)[49m

File [0;32m~/micromamba/envs/docs/lib/python3.10/site-packages/molsysmt/basic/convert.py:509[0m, in [0;36mconvert[0;34m(molecular_system, to_form, selection, structure_indices, syntax, verbose, **kwargs)[0m
[1;32m    505[0m [38;5;66;03m# If one to one[39;00m
[1;32m    507[0m [38;5;28;01mif[39;00m [38;5;129;01mnot[39;00m [38;5;28misinstance[39m(from_form, ([38;5;28mlist[39m, [38;5;28mtuple[39m)):
[0;32m--> 509[0m     output [38;5;241m=[39m [43m_convert_one_to_one[49m[43m([49m[43mmolecular_system[49m[43m,[49m[43m [49m[43mto_form[49m[38;5;241;43m=[39;49m[43mto_form[49m[43m,[49m[43m [49m[43mselection[49m[38;5;241;43m=[39;49m[43mselection[49m[43m,[49m[43m [49m[43mstructure_indices[49m[38;5;241;43m=[39;49m[43mstructure_indices[49m[43m,[49m
[1;32m    510[0m [43m            [49m[43msyntax[49m[38;5;241;43m=[39;49m[43msyntax[49m[43m,[49m[43m [49m[43mverbose[49m[38;5;241;43m=[39;49m[43mverbose[49m[43m,[49m[43m [49m[38;5;241;43m*[39;49m[38;5;241;43m*[39;49m[43mkwargs[49m[43m)[49m
[1;32m    513[0m [38;5;66;03m# If multiple to one[39;00m
[1;32m    514[0m 
[1;32m    515[0m [38;5;28;01melse[39;00m:
[1;32m    516[0m 
[1;32m    517[0m     [38;5;66;03m# conversions in private shortcuts[39;00m
[1;32m    518[0m     [38;5;28;01mif[39;00m [38;5;28mtuple[39m([38;5;28msorted[39m(from_form)) [38;5;129;01min[39;00m _multiple_conversion_shortcuts:

File [0;32m~/micromamba/envs/docs/lib/python3.10/site-packages/molsysmt/basic/convert.py:73[0m, in [0;36m_convert_one_to_one[0;34m(molecular_system, to_form, selection, structure_indices, syntax, verbose, **kwargs)[0m
[1;32m     70[0m     [38;5;28;01mif[39;00m [38;5;28mlen[39m(missing_arguments)[38;5;241m>[39m[38;5;241m0[39m:
[1;32m     71[0m         [38;5;28;01mraise[39;00m NotCompatibleConversionError(from_form, to_form, missing_arguments)
[0;32m---> 73[0m     output [38;5;241m=[39m [43mfunction[49m[43m([49m[43mmolecular_system[49m[43m,[49m[43m [49m[38;5;241;43m*[39;49m[38;5;241;43m*[39;49m[43mconversion_arguments[49m[43m,[49m[43m [49m[38;5;241;43m*[39;49m[38;5;241;43m*[39;49m[43mkwargs[49m[43m)[49m
[1;32m     75[0m [38;5;28;01melif[39;00m ([38;5;124m'[39m[38;5;124mmolsysmt.MolSys[39m[38;5;124m'[39m [38;5;129;01min[39;00m _dict_modules[from_form][38;5;241m.[39m_convert_to) [38;5;129;01mand[39;00m (to_form [38;5;129;01min[39;00m _dict_modules[[38;5;124m'[39m[38;5;124mmolsysmt.MolSys[39m[38;5;124m'[39m][38;5;241m.[39m_convert_to):
[1;32m     77[0m     output [38;5;241m=[39m _convert_one_to_one(molecular_system, to_form[38;5;241m=[39m[38;5;124m'[39m[38;5;124mmolsysmt.MolSys[39m[38;5;124m'[39m, selection[38;5;241m=[39mselection,
[1;32m     78[0m             structure_indices[38;5;241m=[39mstructure_indices, syntax[38;5;241m=[39msyntax, [38;5;241m*[39m[38;5;241m*[39mkwargs)

File [0;32m~/micromamba/envs/docs/lib/python3.10/site-packages/molsysmt/_private/digestion/digest.py:119[0m, in [0;36mdigest.<locals>.digestor.<locals>.wrapper[0;34m(*args, **kwargs)[0m
[1;32m    117[0m     [38;5;28;01mreturn[39;00m func(all_args[[38;5;124m'[39m[38;5;124mself[39m[38;5;124m'[39m], [38;5;241m*[39m[38;5;241m*[39mfinal_args)
[1;32m    118[0m [38;5;28;01melse[39;00m:
[0;32m--> 119[0m     [38;5;28;01mreturn[39;00m [43mfunc[49m[43m([49m[38;5;241;43m*[39;49m[38;5;241;43m*[39;49m[43mfinal_args[49m[43m)[49m

File [0;32m~/micromamba/envs/docs/lib/python3.10/site-packages/molsysmt/form/molsysmt_MolSys/to_pdbfixer_PDBFixer.py:15[0m, in [0;36mto_pdbfixer_PDBFixer[0;34m(item, atom_indices, structure_indices)[0m
[1;32m     12[0m [38;5;28;01mfrom[39;00m [38;5;21;01m.[39;00m [38;5;28;01mimport[39;00m to_string_pdb_text
[1;32m     13[0m [38;5;28;01mfrom[39;00m [38;5;21;01mio[39;00m [38;5;28;01mimport[39;00m StringIO
[0;32m---> 15[0m tmp_item [38;5;241m=[39m [43mto_string_pdb_text[49m[43m([49m[43mitem[49m[43m,[49m[43m [49m[43matom_indices[49m[38;5;241;43m=[39;49m[43matom_indices[49m[43m,[49m[43m [49m[43mstructure_indices[49m[38;5;241;43m=[39;49m[43mstructure_indices[49m[43m)[49m
[1;32m     16[0m tmp_item [38;5;241m=[39m StringIO(tmp_item)
[1;32m     17[0m tmp_item [38;5;241m=[39m PDBFixer(pdbfile[38;5;241m=[39mtmp_item)

File [0;32m~/micromamba/envs/docs/lib/python3.10/site-packages/molsysmt/_private/digestion/digest.py:119[0m, in [0;36mdigest.<locals>.digestor.<locals>.wrapper[0;34m(*args, **kwargs)[0m
[1;32m    117[0m     [38;5;28;01mreturn[39;00m func(all_args[[38;5;124m'[39m[38;5;124mself[39m[38;5;124m'[39m], [38;5;241m*[39m[38;5;241m*[39mfinal_args)
[1;32m    118[0m [38;5;28;01melse[39;00m:
[0;32m--> 119[0m     [38;5;28;01mreturn[39;00m [43mfunc[49m[43m([49m[38;5;241;43m*[39;49m[38;5;241;43m*[39;49m[43mfinal_args[49m[43m)[49m

File [0;32m~/micromamba/envs/docs/lib/python3.10/site-packages/molsysmt/form/molsysmt_MolSys/to_string_pdb_text.py:12[0m, in [0;36mto_string_pdb_text[0;34m(item, atom_indices, structure_indices)[0m
[1;32m     10[0m coordinates [38;5;241m=[39m get_coordinates_from_atom(item, indices[38;5;241m=[39matom_indices, structure_indices[38;5;241m=[39mstructure_indices)
[1;32m     11[0m tmp_item [38;5;241m=[39m to_openmm_Topology(item, atom_indices[38;5;241m=[39matom_indices, structure_indices[38;5;241m=[39mstructure_indices)
[0;32m---> 12[0m tmp_item [38;5;241m=[39m [43mopenmm_Topology_to_string_pdb_text[49m[43m([49m[43mtmp_item[49m[43m,[49m[43m [49m[43mcoordinates[49m[38;5;241;43m=[39;49m[43mcoordinates[49m[43m)[49m
[1;32m     14[0m [38;5;28;01mreturn[39;00m tmp_item

File [0;32m~/micromamba/envs/docs/lib/python3.10/site-packages/molsysmt/_private/digestion/digest.py:119[0m, in [0;36mdigest.<locals>.digestor.<locals>.wrapper[0;34m(*args, **kwargs)[0m
[1;32m    117[0m     [38;5;28;01mreturn[39;00m func(all_args[[38;5;124m'[39m[38;5;124mself[39m[38;5;124m'[39m], [38;5;241m*[39m[38;5;241m*[39mfinal_args)
[1;32m    118[0m [38;5;28;01melse[39;00m:
[0;32m--> 119[0m     [38;5;28;01mreturn[39;00m [43mfunc[49m[43m([49m[38;5;241;43m*[39;49m[38;5;241;43m*[39;49m[43mfinal_args[49m[43m)[49m

File [0;32m~/micromamba/envs/docs/lib/python3.10/site-packages/molsysmt/form/openmm_Topology/to_string_pdb_text.py:24[0m, in [0;36mto_string_pdb_text[0;34m(item, atom_indices, coordinates, box)[0m
[1;32m     22[0m tmp_io [38;5;241m=[39m StringIO()
[1;32m     23[0m coordinates [38;5;241m=[39m puw[38;5;241m.[39mconvert(coordinates[[38;5;241m0[39m], [38;5;124m'[39m[38;5;124mnm[39m[38;5;124m'[39m, to_form[38;5;241m=[39m[38;5;124m'[39m[38;5;124mopenmm.unit[39m[38;5;124m'[39m)
[0;32m---> 24[0m [43mPDBFile[49m[38;5;241;43m.[39;49m[43mwriteFile[49m[43m([49m[43mitem[49m[43m,[49m[43m [49m[43mcoordinates[49m[43m,[49m[43m [49m[43mtmp_io[49m[43m,[49m[43m [49m[43mkeepIds[49m[38;5;241;43m=[39;49m[38;5;28;43;01mTrue[39;49;00m[43m)[49m
[1;32m     25[0m filedata [38;5;241m=[39m tmp_io[38;5;241m.[39mgetvalue()
[1;32m     26[0m openmm_version [38;5;241m=[39m Platform[38;5;241m.[39mgetOpenMMVersion()

File [0;32m~/micromamba/envs/docs/lib/python3.10/site-packages/openmm/app/pdbfile.py:291[0m, in [0;36mPDBFile.writeFile[0;34m(topology, positions, file, keepIds, extraParticleIdentifier)[0m
[1;32m    272[0m [38;5;250m[39m[38;5;124;03m"""Write a PDB file containing a single model.[39;00m
[1;32m    273[0m 
[1;32m    274[0m [38;5;124;03mParameters[39;00m
[0;32m   (...)[0m
[1;32m    288[0m [38;5;124;03m    String to write in the element column of the ATOM records for atoms whose element is None (extra particles)[39;00m
[1;32m    289[0m [38;5;124;03m"""[39;00m
[1;32m    290[0m PDBFile[38;5;241m.[39mwriteHeader(topology, file)
[0;32m--> 291[0m [43mPDBFile[49m[38;5;241;43m.[39;49m[43mwriteModel[49m[43m([49m[43mtopology[49m[43m,[49m[43m [49m[43mpositions[49m[43m,[49m[43m [49m[43mfile[49m[43m,[49m[43m [49m[43mkeepIds[49m[38;5;241;43m=[39;49m[43mkeepIds[49m[43m,[49m[43m [49m[43mextraParticleIdentifier[49m[38;5;241;43m=[39;49m[43mextraParticleIdentifier[49m[43m)[49m
[1;32m    292[0m PDBFile[38;5;241m.[39mwriteFooter(topology, file)

File [0;32m~/micromamba/envs/docs/lib/python3.10/site-packages/openmm/app/pdbfile.py:339[0m, in [0;36mPDBFile.writeModel[0;34m(topology, positions, file, modelIndex, keepIds, extraParticleIdentifier)[0m
[1;32m    315[0m [38;5;250m[39m[38;5;124;03m"""Write out a model to a PDB file.[39;00m
[1;32m    316[0m 
[1;32m    317[0m [38;5;124;03mParameters[39;00m
[0;32m   (...)[0m
[1;32m    335[0m [38;5;124;03m    String to write in the element column of the ATOM records for atoms whose element is None (extra particles)[39;00m
[1;32m    336[0m [38;5;124;03m"""[39;00m
[1;32m    338[0m [38;5;28;01mif[39;00m [38;5;28mlen[39m([38;5;28mlist[39m(topology[38;5;241m.[39matoms())) [38;5;241m!=[39m [38;5;28mlen[39m(positions):
[0;32m--> 339[0m     [38;5;28;01mraise[39;00m [38;5;167;01mValueError[39;00m([38;5;124m'[39m[38;5;124mThe number of positions must match the number of atoms[39m[38;5;124m'[39m)
[1;32m    340[0m [38;5;28;01mif[39;00m is_quantity(positions):
[1;32m    341[0m     positions [38;5;241m=[39m positions[38;5;241m.[39mvalue_in_unit(angstroms)

[0;31mValueError[0m: The number of positions must match the number of atoms

