Traceback (most recent call last):
  File "/home/runner/micromamba/envs/docs/lib/python3.11/site-packages/jupyter_cache/executors/utils.py", line 58, in single_nb_execution
    executenb(
  File "/home/runner/micromamba/envs/docs/lib/python3.11/site-packages/nbclient/client.py", line 1314, in execute
    return NotebookClient(nb=nb, resources=resources, km=km, **kwargs).execute()
           ^^^^^^^^^^^^^^^^^^^^^^^^^^^^^^^^^^^^^^^^^^^^^^^^^^^^^^^^^^^^^^^^^^^^^
  File "/home/runner/micromamba/envs/docs/lib/python3.11/site-packages/jupyter_core/utils/__init__.py", line 165, in wrapped
    return loop.run_until_complete(inner)
           ^^^^^^^^^^^^^^^^^^^^^^^^^^^^^^
  File "/home/runner/micromamba/envs/docs/lib/python3.11/asyncio/base_events.py", line 654, in run_until_complete
    return future.result()
           ^^^^^^^^^^^^^^^
  File "/home/runner/micromamba/envs/docs/lib/python3.11/site-packages/nbclient/client.py", line 709, in async_execute
    await self.async_execute_cell(
  File "/home/runner/micromamba/envs/docs/lib/python3.11/site-packages/nbclient/client.py", line 1062, in async_execute_cell
    await self._check_raise_for_error(cell, cell_index, exec_reply)
  File "/home/runner/micromamba/envs/docs/lib/python3.11/site-packages/nbclient/client.py", line 918, in _check_raise_for_error
    raise CellExecutionError.from_cell_and_msg(cell, exec_reply_content)
nbclient.exceptions.CellExecutionError: An error occurred while executing the following cell:
------------------
msm.topology.get_sequence_alignment(molecular_system, reference_molecular_system=target, prettyprint=True)
------------------


[0;31m---------------------------------------------------------------------------[0m
[0;31mNotImplementedConversionError[0m             Traceback (most recent call last)
Cell [0;32mIn[11], line 1[0m
[0;32m----> 1[0m [43mmsm[49m[38;5;241;43m.[39;49m[43mtopology[49m[38;5;241;43m.[39;49m[43mget_sequence_alignment[49m[43m([49m[43mmolecular_system[49m[43m,[49m[43m [49m[43mreference_molecular_system[49m[38;5;241;43m=[39;49m[43mtarget[49m[43m,[49m[43m [49m[43mprettyprint[49m[38;5;241;43m=[39;49m[38;5;28;43;01mTrue[39;49;00m[43m)[49m

File [0;32m~/micromamba/envs/docs/lib/python3.11/site-packages/molsysmt/_private/digestion/digest.py:122[0m, in [0;36mdigest.<locals>.digestor.<locals>.wrapper[0;34m(*args, **kwargs)[0m
[1;32m    120[0m     [38;5;28;01mreturn[39;00m func(all_args[[38;5;124m'[39m[38;5;124mself[39m[38;5;124m'[39m], [38;5;241m*[39m[38;5;241m*[39mfinal_args)
[1;32m    121[0m [38;5;28;01melse[39;00m:
[0;32m--> 122[0m     [38;5;28;01mreturn[39;00m [43mfunc[49m[43m([49m[38;5;241;43m*[39;49m[38;5;241;43m*[39;49m[43mfinal_args[49m[43m)[49m

File [0;32m~/micromamba/envs/docs/lib/python3.11/site-packages/molsysmt/topology/get_sequence_alignment.py:22[0m, in [0;36mget_sequence_alignment[0;34m(molecular_system, selection, reference_molecular_system, reference_selection, engine, syntax, prettyprint, alignment_index)[0m
[1;32m     13[0m [38;5;28;01mif[39;00m engine[38;5;241m==[39m[38;5;124m'[39m[38;5;124mBiopython[39m[38;5;124m'[39m:
[1;32m     14[0m 
[1;32m     15[0m     [38;5;66;03m# from ensembler.modeling.align_target_template[39;00m
[1;32m     16[0m     [38;5;66;03m# (https://github.com/choderalab/ensembler/blob/master/ensembler/modeling.py)[39;00m
[1;32m     17[0m 
[1;32m     18[0m     [38;5;66;03m# See: https://biopython.org/docs/1.75/api/Bio.Align.html#Bio.Align.PairwiseAligner[39;00m
[1;32m     20[0m     [38;5;28;01mfrom[39;00m [38;5;21;01mBio[39;00m [38;5;28;01mimport[39;00m Align
[0;32m---> 22[0m     tmp_ref_seq[38;5;241m=[39m [43mconvert[49m[43m([49m[43mreference_molecular_system[49m[43m,[49m[43m [49m[43mto_form[49m[38;5;241;43m=[39;49m[38;5;124;43m'[39;49m[38;5;124;43mbiopython.Seq[39;49m[38;5;124;43m'[39;49m[43m,[49m[43m [49m[43mselection[49m[38;5;241;43m=[39;49m[43mreference_selection[49m[43m,[49m
[1;32m     23[0m [43m                         [49m[43msyntax[49m[38;5;241;43m=[39;49m[43msyntax[49m[43m)[49m
[1;32m     24[0m     tmp_seq[38;5;241m=[39m convert(molecular_system, to_form[38;5;241m=[39m[38;5;124m'[39m[38;5;124mbiopython.Seq[39m[38;5;124m'[39m, selection[38;5;241m=[39mselection, syntax[38;5;241m=[39msyntax)
[1;32m     26[0m     aligner [38;5;241m=[39m Align[38;5;241m.[39mPairwiseAligner()

File [0;32m~/micromamba/envs/docs/lib/python3.11/site-packages/molsysmt/_private/digestion/digest.py:122[0m, in [0;36mdigest.<locals>.digestor.<locals>.wrapper[0;34m(*args, **kwargs)[0m
[1;32m    120[0m     [38;5;28;01mreturn[39;00m func(all_args[[38;5;124m'[39m[38;5;124mself[39m[38;5;124m'[39m], [38;5;241m*[39m[38;5;241m*[39mfinal_args)
[1;32m    121[0m [38;5;28;01melse[39;00m:
[0;32m--> 122[0m     [38;5;28;01mreturn[39;00m [43mfunc[49m[43m([49m[38;5;241;43m*[39;49m[38;5;241;43m*[39;49m[43mfinal_args[49m[43m)[49m

File [0;32m~/micromamba/envs/docs/lib/python3.11/site-packages/molsysmt/basic/convert.py:554[0m, in [0;36mconvert[0;34m(molecular_system, to_form, selection, structure_indices, syntax, verbose, skip_digestion, **kwargs)[0m
[1;32m    552[0m     [38;5;28;01mif[39;00m [38;5;28mlen[39m(from_form)[38;5;241m==[39m[38;5;241m1[39m:
[1;32m    553[0m         from_form[38;5;241m=[39mfrom_form[[38;5;241m0[39m]
[0;32m--> 554[0m     [38;5;28;01mraise[39;00m NotImplementedConversionError(from_form, to_form)
[1;32m    556[0m [38;5;28;01mif[39;00m [38;5;28misinstance[39m(output, ([38;5;28mlist[39m, [38;5;28mtuple[39m)):
[1;32m    557[0m     [38;5;28;01mif[39;00m [38;5;28mlen[39m(output) [38;5;241m==[39m [38;5;241m1[39m:

[0;31mNotImplementedConversionError[0m: Error in conversion from string:amino_acids_1 to biopython.Seq

