Traceback (most recent call last):
  File "/home/runner/micromamba/envs/docs/lib/python3.11/site-packages/jupyter_cache/executors/utils.py", line 58, in single_nb_execution
    executenb(
  File "/home/runner/micromamba/envs/docs/lib/python3.11/site-packages/nbclient/client.py", line 1314, in execute
    return NotebookClient(nb=nb, resources=resources, km=km, **kwargs).execute()
           ^^^^^^^^^^^^^^^^^^^^^^^^^^^^^^^^^^^^^^^^^^^^^^^^^^^^^^^^^^^^^^^^^^^^^
  File "/home/runner/micromamba/envs/docs/lib/python3.11/site-packages/jupyter_core/utils/__init__.py", line 165, in wrapped
    return loop.run_until_complete(inner)
           ^^^^^^^^^^^^^^^^^^^^^^^^^^^^^^
  File "/home/runner/micromamba/envs/docs/lib/python3.11/asyncio/base_events.py", line 654, in run_until_complete
    return future.result()
           ^^^^^^^^^^^^^^^
  File "/home/runner/micromamba/envs/docs/lib/python3.11/site-packages/nbclient/client.py", line 709, in async_execute
    await self.async_execute_cell(
  File "/home/runner/micromamba/envs/docs/lib/python3.11/site-packages/nbclient/client.py", line 1062, in async_execute_cell
    await self._check_raise_for_error(cell, cell_index, exec_reply)
  File "/home/runner/micromamba/envs/docs/lib/python3.11/site-packages/nbclient/client.py", line 918, in _check_raise_for_error
    raise CellExecutionError.from_cell_and_msg(cell, exec_reply_content)
nbclient.exceptions.CellExecutionError: An error occurred while executing the following cell:
------------------
new_molecular_system = msm.build.mutate(molecular_system, mutations=["GLY-2-ALA", "GLY-3-LYS"], engine='PDBFixer')
------------------


[0;31m---------------------------------------------------------------------------[0m
[0;31mNameError[0m                                 Traceback (most recent call last)
Cell [0;32mIn[5], line 1[0m
[0;32m----> 1[0m new_molecular_system [38;5;241m=[39m [43mmsm[49m[38;5;241;43m.[39;49m[43mbuild[49m[38;5;241;43m.[39;49m[43mmutate[49m[43m([49m[43mmolecular_system[49m[43m,[49m[43m [49m[43mmutations[49m[38;5;241;43m=[39;49m[43m[[49m[38;5;124;43m"[39;49m[38;5;124;43mGLY-2-ALA[39;49m[38;5;124;43m"[39;49m[43m,[49m[43m [49m[38;5;124;43m"[39;49m[38;5;124;43mGLY-3-LYS[39;49m[38;5;124;43m"[39;49m[43m][49m[43m,[49m[43m [49m[43mengine[49m[38;5;241;43m=[39;49m[38;5;124;43m'[39;49m[38;5;124;43mPDBFixer[39;49m[38;5;124;43m'[39;49m[43m)[49m

File [0;32m~/micromamba/envs/docs/lib/python3.11/site-packages/molsysmt/_private/digestion/digest.py:122[0m, in [0;36mdigest.<locals>.digestor.<locals>.wrapper[0;34m(*args, **kwargs)[0m
[1;32m    120[0m     [38;5;28;01mreturn[39;00m func(all_args[[38;5;124m'[39m[38;5;124mself[39m[38;5;124m'[39m], [38;5;241m*[39m[38;5;241m*[39mfinal_args)
[1;32m    121[0m [38;5;28;01melse[39;00m:
[0;32m--> 122[0m     [38;5;28;01mreturn[39;00m [43mfunc[49m[43m([49m[38;5;241;43m*[39;49m[38;5;241;43m*[39;49m[43mfinal_args[49m[43m)[49m

File [0;32m~/micromamba/envs/docs/lib/python3.11/site-packages/molsysmt/build/mutate.py:62[0m, in [0;36mmutate[0;34m(molecular_system, mutations, keys, selection, syntax, engine)[0m
[1;32m     59[0m form_in [38;5;241m=[39m get_form(molecular_system)
[1;32m     60[0m tmp_molecular_system [38;5;241m=[39m convert(molecular_system, to_form[38;5;241m=[39m[38;5;124m"[39m[38;5;124mpdbfixer.PDBFixer[39m[38;5;124m"[39m)
[0;32m---> 62[0m from_group_names, group_ids, in_chain_ids [38;5;241m=[39m [43mget[49m[43m([49m[43mtmp_molecular_system[49m[43m,[49m[43m [49m[43melement[49m[38;5;241;43m=[39;49m[38;5;124;43m'[39;49m[38;5;124;43mgroup[39;49m[38;5;124;43m'[39;49m[43m,[49m
[1;32m     63[0m [43m                                                [49m[43mselection[49m[38;5;241;43m=[39;49m[43mgroup_indices[49m[43m,[49m[43m [49m[43mgroup_name[49m[38;5;241;43m=[39;49m[38;5;28;43;01mTrue[39;49;00m[43m,[49m[43m [49m[43mgroup_id[49m[38;5;241;43m=[39;49m[38;5;28;43;01mTrue[39;49;00m[43m,[49m
[1;32m     64[0m [43m                                                [49m[43mchain_id[49m[38;5;241;43m=[39;49m[38;5;28;43;01mTrue[39;49;00m[43m)[49m
[1;32m     66[0m [38;5;28;01mfor[39;00m group_id, from_group_name, to_group_name, in_chain_id [38;5;129;01min[39;00m [38;5;28mzip[39m(group_ids, from_group_names, to_group_names, in_chain_ids):
[1;32m     67[0m     mutation_string [38;5;241m=[39m [38;5;124m"[39m[38;5;124m-[39m[38;5;124m"[39m[38;5;241m.[39mjoin([from_group_name,[38;5;28mstr[39m(group_id),to_group_name])

File [0;32m~/micromamba/envs/docs/lib/python3.11/site-packages/molsysmt/_private/digestion/digest.py:122[0m, in [0;36mdigest.<locals>.digestor.<locals>.wrapper[0;34m(*args, **kwargs)[0m
[1;32m    120[0m     [38;5;28;01mreturn[39;00m func(all_args[[38;5;124m'[39m[38;5;124mself[39m[38;5;124m'[39m], [38;5;241m*[39m[38;5;241m*[39mfinal_args)
[1;32m    121[0m [38;5;28;01melse[39;00m:
[0;32m--> 122[0m     [38;5;28;01mreturn[39;00m [43mfunc[49m[43m([49m[38;5;241;43m*[39;49m[38;5;241;43m*[39;49m[43mfinal_args[49m[43m)[49m

File [0;32m~/micromamba/envs/docs/lib/python3.11/site-packages/molsysmt/basic/get.py:219[0m, in [0;36mget[0;34m(molecular_system, element, selection, structure_indices, mask, syntax, get_missing_bonds, output_type, skip_digestion, **kwargs)[0m
[1;32m    216[0m     [38;5;28;01mif[39;00m aux_molecular_system [38;5;129;01mis[39;00m [38;5;28;01mNone[39;00m:
[1;32m    217[0m         aux_molecular_system [38;5;241m=[39m molecular_system
[0;32m--> 219[0m     aux_dict [38;5;241m=[39m [43mget[49m[43m([49m[43maux_molecular_system[49m[43m,[49m[43m [49m[43melement[49m[38;5;241;43m=[39;49m[43melement[49m[43m,[49m[43m [49m[43mselection[49m[38;5;241;43m=[39;49m[43mselection[49m[43m,[49m
[1;32m    220[0m [43m                   [49m[43mstructure_indices[49m[38;5;241;43m=[39;49m[43mstructure_indices[49m[43m,[49m[43m [49m[43mmask[49m[38;5;241;43m=[39;49m[43mmask[49m[43m,[49m[43m [49m[43msyntax[49m[38;5;241;43m=[39;49m[43msyntax[49m[43m,[49m
[1;32m    221[0m [43m                   [49m[43mget_missing_bonds[49m[38;5;241;43m=[39;49m[43mget_missing_bonds[49m[43m,[49m[43m [49m[43moutput_type[49m[38;5;241;43m=[39;49m[38;5;124;43m'[39;49m[38;5;124;43mdictionary[39;49m[38;5;124;43m'[39;49m[43m,[49m[43m [49m[43mskip_digestion[49m[38;5;241;43m=[39;49m[38;5;28;43;01mTrue[39;49;00m[43m,[49m
[1;32m    222[0m [43m                   [49m[38;5;241;43m*[39;49m[38;5;241;43m*[39;49m[43m{[49m[43mii[49m[43m:[49m[38;5;28;43;01mTrue[39;49;00m[43m [49m[38;5;28;43;01mfor[39;49;00m[43m [49m[43mii[49m[43m [49m[38;5;129;43;01min[39;49;00m[43m [49m[43maux_attributes[49m[43m}[49m[43m)[49m
[1;32m    224[0m     output_dictionary[38;5;241m.[39mupdate(aux_dict)
[1;32m    226[0m output [38;5;241m=[39m []

File [0;32m~/micromamba/envs/docs/lib/python3.11/site-packages/molsysmt/_private/digestion/digest.py:52[0m, in [0;36mdigest.<locals>.digestor.<locals>.wrapper[0;34m(*args, **kwargs)[0m
[1;32m     48[0m [38;5;129m@functools[39m[38;5;241m.[39mwraps(func)
[1;32m     49[0m [38;5;28;01mdef[39;00m [38;5;21mwrapper[39m([38;5;241m*[39margs, [38;5;241m*[39m[38;5;241m*[39mkwargs):
[1;32m     51[0m     [38;5;28;01mif[39;00m kwargs[38;5;241m.[39mget([38;5;124m'[39m[38;5;124mskip_digestion[39m[38;5;124m'[39m, [38;5;28;01mFalse[39;00m):
[0;32m---> 52[0m         [38;5;28;01mreturn[39;00m [43mfunc[49m[43m([49m[38;5;241;43m*[39;49m[43margs[49m[43m,[49m[43m [49m[38;5;241;43m*[39;49m[38;5;241;43m*[39;49m[43mkwargs[49m[43m)[49m
[1;32m     54[0m     [38;5;66;03m# Define caller[39;00m
[1;32m     56[0m     caller [38;5;241m=[39m func[38;5;241m.[39m[38;5;18m__module__[39m[38;5;241m+[39m[38;5;124m'[39m[38;5;124m.[39m[38;5;124m'[39m[38;5;241m+[39mfunc[38;5;241m.[39m[38;5;18m__name__[39m

File [0;32m~/micromamba/envs/docs/lib/python3.11/site-packages/molsysmt/basic/get.py:202[0m, in [0;36mget[0;34m(molecular_system, element, selection, structure_indices, mask, syntax, get_missing_bonds, output_type, skip_digestion, **kwargs)[0m
[1;32m    200[0m     [38;5;28;01melse[39;00m:
[1;32m    201[0m         aux_get [38;5;241m=[39m [38;5;28mgetattr[39m(_dict_modules[aux_form], [38;5;124mf[39m[38;5;124m'[39m[38;5;124mget_[39m[38;5;132;01m{[39;00min_attribute[38;5;132;01m}[39;00m[38;5;124m_from_[39m[38;5;132;01m{[39;00melement[38;5;132;01m}[39;00m[38;5;124m'[39m)
[0;32m--> 202[0m         result [38;5;241m=[39m [43maux_get[49m[43m([49m[43maux_item[49m[43m,[49m[43m [49m[38;5;241;43m*[39;49m[38;5;241;43m*[39;49m[43mdict_indices[49m[43m)[49m
[1;32m    204[0m [38;5;28;01melse[39;00m:
[1;32m    206[0m     result [38;5;241m=[39m [38;5;28;01mNone[39;00m

File [0;32m~/micromamba/envs/docs/lib/python3.11/site-packages/molsysmt/_private/digestion/digest.py:122[0m, in [0;36mdigest.<locals>.digestor.<locals>.wrapper[0;34m(*args, **kwargs)[0m
[1;32m    120[0m     [38;5;28;01mreturn[39;00m func(all_args[[38;5;124m'[39m[38;5;124mself[39m[38;5;124m'[39m], [38;5;241m*[39m[38;5;241m*[39mfinal_args)
[1;32m    121[0m [38;5;28;01melse[39;00m:
[0;32m--> 122[0m     [38;5;28;01mreturn[39;00m [43mfunc[49m[43m([49m[38;5;241;43m*[39;49m[38;5;241;43m*[39;49m[43mfinal_args[49m[43m)[49m

File [0;32m~/micromamba/envs/docs/lib/python3.11/site-packages/molsysmt/form/openmm_Topology/get_topological_attributes.py:1014[0m, in [0;36mget_chain_id_from_group[0;34m(item, indices, skip_digestion)[0m
[1;32m   1012[0m aux_indices [38;5;241m=[39m get_chain_index_from_group(item, indices[38;5;241m=[39mindices, skip_digestion[38;5;241m=[39m[38;5;28;01mTrue[39;00m)
[1;32m   1013[0m aux_unique_indices, aux_new_indices [38;5;241m=[39m np[38;5;241m.[39munique(aux_indices, return_inverse[38;5;241m=[39m[38;5;28;01mTrue[39;00m)
[0;32m-> 1014[0m aux_vals [38;5;241m=[39m [43mget_chain_id_from_chain[49m[43m([49m[43mitem[49m[43m,[49m[43m [49m[43mindices[49m[38;5;241;43m=[39;49m[43maux_unique_indices[49m[43m,[49m[43m [49m[43mskip_digestion[49m[38;5;241;43m=[39;49m[38;5;28;43;01mTrue[39;49;00m[43m)[49m
[1;32m   1015[0m output [38;5;241m=[39m np[38;5;241m.[39marray(aux_vals)[aux_new_indices]
[1;32m   1017[0m [38;5;28;01mdel[39;00m aux_indices, aux_unique_indices, aux_vals, aux_new_indices

File [0;32m~/micromamba/envs/docs/lib/python3.11/site-packages/molsysmt/_private/digestion/digest.py:52[0m, in [0;36mdigest.<locals>.digestor.<locals>.wrapper[0;34m(*args, **kwargs)[0m
[1;32m     48[0m [38;5;129m@functools[39m[38;5;241m.[39mwraps(func)
[1;32m     49[0m [38;5;28;01mdef[39;00m [38;5;21mwrapper[39m([38;5;241m*[39margs, [38;5;241m*[39m[38;5;241m*[39mkwargs):
[1;32m     51[0m     [38;5;28;01mif[39;00m kwargs[38;5;241m.[39mget([38;5;124m'[39m[38;5;124mskip_digestion[39m[38;5;124m'[39m, [38;5;28;01mFalse[39;00m):
[0;32m---> 52[0m         [38;5;28;01mreturn[39;00m [43mfunc[49m[43m([49m[38;5;241;43m*[39;49m[43margs[49m[43m,[49m[43m [49m[38;5;241;43m*[39;49m[38;5;241;43m*[39;49m[43mkwargs[49m[43m)[49m
[1;32m     54[0m     [38;5;66;03m# Define caller[39;00m
[1;32m     56[0m     caller [38;5;241m=[39m func[38;5;241m.[39m[38;5;18m__module__[39m[38;5;241m+[39m[38;5;124m'[39m[38;5;124m.[39m[38;5;124m'[39m[38;5;241m+[39mfunc[38;5;241m.[39m[38;5;18m__name__[39m

File [0;32m~/micromamba/envs/docs/lib/python3.11/site-packages/molsysmt/form/openmm_Topology/get_topological_attributes.py:3518[0m, in [0;36mget_chain_id_from_chain[0;34m(item, indices, skip_digestion)[0m
[1;32m   3516[0m     output [38;5;241m=[39m [[38;5;28mint[39m(chain[38;5;241m.[39mid) [38;5;28;01mfor[39;00m chain [38;5;129;01min[39;00m chains]
[1;32m   3517[0m [38;5;28;01melse[39;00m:
[0;32m-> 3518[0m     output [38;5;241m=[39m [43m[[49m[38;5;28;43mint[39;49m[43m([49m[43mchain[49m[43m[[49m[43mii[49m[43m][49m[38;5;241;43m.[39;49m[43mid[49m[43m)[49m[43m [49m[38;5;28;43;01mfor[39;49;00m[43m [49m[43mii[49m[43m [49m[38;5;129;43;01min[39;49;00m[43m [49m[43mindices[49m[43m][49m
[1;32m   3519[0m [38;5;28;01mdel[39;00m(chains)
[1;32m   3521[0m [38;5;28;01mreturn[39;00m output

File [0;32m~/micromamba/envs/docs/lib/python3.11/site-packages/molsysmt/form/openmm_Topology/get_topological_attributes.py:3518[0m, in [0;36m<listcomp>[0;34m(.0)[0m
[1;32m   3516[0m     output [38;5;241m=[39m [[38;5;28mint[39m(chain[38;5;241m.[39mid) [38;5;28;01mfor[39;00m chain [38;5;129;01min[39;00m chains]
[1;32m   3517[0m [38;5;28;01melse[39;00m:
[0;32m-> 3518[0m     output [38;5;241m=[39m [[38;5;28mint[39m([43mchain[49m[ii][38;5;241m.[39mid) [38;5;28;01mfor[39;00m ii [38;5;129;01min[39;00m indices]
[1;32m   3519[0m [38;5;28;01mdel[39;00m(chains)
[1;32m   3521[0m [38;5;28;01mreturn[39;00m output

[0;31mNameError[0m: name 'chain' is not defined

