Traceback (most recent call last):
  File "/home/runner/micromamba/envs/docs/lib/python3.11/site-packages/jupyter_cache/executors/utils.py", line 58, in single_nb_execution
    executenb(
  File "/home/runner/micromamba/envs/docs/lib/python3.11/site-packages/nbclient/client.py", line 1314, in execute
    return NotebookClient(nb=nb, resources=resources, km=km, **kwargs).execute()
           ^^^^^^^^^^^^^^^^^^^^^^^^^^^^^^^^^^^^^^^^^^^^^^^^^^^^^^^^^^^^^^^^^^^^^
  File "/home/runner/micromamba/envs/docs/lib/python3.11/site-packages/jupyter_core/utils/__init__.py", line 165, in wrapped
    return loop.run_until_complete(inner)
           ^^^^^^^^^^^^^^^^^^^^^^^^^^^^^^
  File "/home/runner/micromamba/envs/docs/lib/python3.11/asyncio/base_events.py", line 654, in run_until_complete
    return future.result()
           ^^^^^^^^^^^^^^^
  File "/home/runner/micromamba/envs/docs/lib/python3.11/site-packages/nbclient/client.py", line 709, in async_execute
    await self.async_execute_cell(
  File "/home/runner/micromamba/envs/docs/lib/python3.11/site-packages/nbclient/client.py", line 1062, in async_execute_cell
    await self._check_raise_for_error(cell, cell_index, exec_reply)
  File "/home/runner/micromamba/envs/docs/lib/python3.11/site-packages/nbclient/client.py", line 918, in _check_raise_for_error
    raise CellExecutionError.from_cell_and_msg(cell, exec_reply_content)
nbclient.exceptions.CellExecutionError: An error occurred while executing the following cell:
------------------
new_molsys = msm.build.remove_overlapping_molecules(molsys, selection='molecule_type=="water"')
------------------


[0;31m---------------------------------------------------------------------------[0m
[0;31mArgumentError[0m                             Traceback (most recent call last)
Cell [0;32mIn[7], line 1[0m
[0;32m----> 1[0m new_molsys [38;5;241m=[39m [43mmsm[49m[38;5;241;43m.[39;49m[43mbuild[49m[38;5;241;43m.[39;49m[43mremove_overlapping_molecules[49m[43m([49m[43mmolsys[49m[43m,[49m[43m [49m[43mselection[49m[38;5;241;43m=[39;49m[38;5;124;43m'[39;49m[38;5;124;43mmolecule_type==[39;49m[38;5;124;43m"[39;49m[38;5;124;43mwater[39;49m[38;5;124;43m"[39;49m[38;5;124;43m'[39;49m[43m)[49m

File [0;32m~/micromamba/envs/docs/lib/python3.11/site-packages/molsysmt/_private/digestion/digest.py:122[0m, in [0;36mdigest.<locals>.digestor.<locals>.wrapper[0;34m(*args, **kwargs)[0m
[1;32m    120[0m     [38;5;28;01mreturn[39;00m func(all_args[[38;5;124m'[39m[38;5;124mself[39m[38;5;124m'[39m], [38;5;241m*[39m[38;5;241m*[39mfinal_args)
[1;32m    121[0m [38;5;28;01melse[39;00m:
[0;32m--> 122[0m     [38;5;28;01mreturn[39;00m [43mfunc[49m[43m([49m[38;5;241;43m*[39;49m[38;5;241;43m*[39;49m[43mfinal_args[49m[43m)[49m

File [0;32m~/micromamba/envs/docs/lib/python3.11/site-packages/molsysmt/build/remove_overlapping_molecules.py:26[0m, in [0;36mremove_overlapping_molecules[0;34m(molecular_system, selection, selection_2, structure_index, threshold, pbc, syntax)[0m
[1;32m     23[0m [38;5;28;01melse[39;00m:
[1;32m     24[0m     atom_indices_2 [38;5;241m=[39m select(molecular_system, selection[38;5;241m=[39mselection_2, syntax[38;5;241m=[39msyntax)
[0;32m---> 26[0m contact_map [38;5;241m=[39m [43mget_contacts[49m[43m([49m[43mmolecular_system[49m[43m,[49m[43m [49m[43mselection[49m[38;5;241;43m=[39;49m[43matom_indices[49m[43m,[49m[43m [49m[43mselection_2[49m[38;5;241;43m=[39;49m[43matom_indices_2[49m[43m,[49m
[1;32m     27[0m [43m                           [49m[43mstructure_indices[49m[38;5;241;43m=[39;49m[43mstructure_index[49m[43m,[49m[43m [49m[43mthreshold[49m[38;5;241;43m=[39;49m[43mthreshold[49m[43m,[49m[43m [49m[43mpbc[49m[38;5;241;43m=[39;49m[43mpbc[49m[43m,[49m
[1;32m     28[0m [43m                           [49m[43moutput_type[49m[38;5;241;43m=[39;49m[38;5;124;43m'[39;49m[38;5;124;43mmatrix[39;49m[38;5;124;43m'[39;49m[43m)[49m
[1;32m     30[0m mask [38;5;241m=[39m np[38;5;241m.[39many(contact_map[[38;5;241m0[39m], axis[38;5;241m=[39m[38;5;241m1[39m)
[1;32m     31[0m atoms_to_be_removed [38;5;241m=[39m np[38;5;241m.[39marray(atom_indices)[mask][38;5;241m.[39mtolist()

File [0;32m~/micromamba/envs/docs/lib/python3.11/site-packages/molsysmt/_private/digestion/digest.py:109[0m, in [0;36mdigest.<locals>.digestor.<locals>.wrapper[0;34m(*args, **kwargs)[0m
[1;32m    105[0m     [38;5;28;01mpass[39;00m
[1;32m    108[0m [38;5;28;01mfor[39;00m arg_name [38;5;129;01min[39;00m all_args:
[0;32m--> 109[0m     [43mgut[49m[43m([49m[43marg_name[49m[43m)[49m
[1;32m    112[0m [38;5;28;01mfor[39;00m arg_name [38;5;129;01min[39;00m not_digested_args:
[1;32m    113[0m     [38;5;28;01mif[39;00m arg_name [38;5;129;01mnot[39;00m [38;5;129;01min[39;00m [[38;5;124m'[39m[38;5;124mself[39m[38;5;124m'[39m]:

File [0;32m~/micromamba/envs/docs/lib/python3.11/site-packages/molsysmt/_private/digestion/digest.py:100[0m, in [0;36mdigest.<locals>.digestor.<locals>.wrapper.<locals>.gut[0;34m(arg_name)[0m
[1;32m     98[0m         [38;5;28;01melse[39;00m:
[1;32m     99[0m             parameters_dict[parameter] [38;5;241m=[39m [38;5;28;01mNone[39;00m
[0;32m--> 100[0m     digested_args[arg_name] [38;5;241m=[39m [43mdigestion_functions[49m[43m[[49m[43marg_name[49m[43m][49m[43m([49m[43mall_args[49m[43m[[49m[43marg_name[49m[43m][49m[43m,[49m
[1;32m    101[0m [43m                                                  [49m[43mcaller[49m[38;5;241;43m=[39;49m[43mcaller[49m[43m,[49m
[1;32m    102[0m [43m                                                  [49m[38;5;241;43m*[39;49m[38;5;241;43m*[39;49m[43mparameters_dict[49m[43m)[49m
[1;32m    103[0m [38;5;28;01melse[39;00m:
[1;32m    104[0m     not_digested_args[arg_name] [38;5;241m=[39m all_args[arg_name]

File [0;32m~/micromamba/envs/docs/lib/python3.11/site-packages/molsysmt/_private/digestion/argument/output_type.py:60[0m, in [0;36mdigest_output_type[0;34m(output_type, caller)[0m
[1;32m     57[0m         [38;5;28;01mif[39;00m output_type[38;5;241m.[39mlower() [38;5;129;01min[39;00m [[38;5;124m'[39m[38;5;124mnumpy.ndarray[39m[38;5;124m'[39m, [38;5;124m'[39m[38;5;124mdictionary[39m[38;5;124m'[39m]:
[1;32m     58[0m             [38;5;28;01mreturn[39;00m output_type[38;5;241m.[39mlower()
[0;32m---> 60[0m [38;5;28;01mraise[39;00m ArgumentError([38;5;124m'[39m[38;5;124moutput_type[39m[38;5;124m'[39m, value[38;5;241m=[39moutput_type, caller[38;5;241m=[39mcaller, message[38;5;241m=[39m[38;5;28;01mNone[39;00m)

[0;31mArgumentError[0m: Error in molsysmt.structure.get_contacts.get_contacts due to the output_type argument with value matrix.Check  for more information. If you still need help, open a new issue in https://github.com/uibcdf/MolSysMT/issues.

