Traceback (most recent call last):
  File "/home/runner/micromamba/envs/docs/lib/python3.10/site-packages/jupyter_cache/executors/utils.py", line 58, in single_nb_execution
    executenb(
  File "/home/runner/micromamba/envs/docs/lib/python3.10/site-packages/nbclient/client.py", line 1305, in execute
    return NotebookClient(nb=nb, resources=resources, km=km, **kwargs).execute()
  File "/home/runner/micromamba/envs/docs/lib/python3.10/site-packages/jupyter_core/utils/__init__.py", line 173, in wrapped
    return loop.run_until_complete(inner)
  File "/home/runner/micromamba/envs/docs/lib/python3.10/asyncio/base_events.py", line 649, in run_until_complete
    return future.result()
  File "/home/runner/micromamba/envs/docs/lib/python3.10/site-packages/nbclient/client.py", line 705, in async_execute
    await self.async_execute_cell(
  File "/home/runner/micromamba/envs/docs/lib/python3.10/site-packages/nbclient/client.py", line 1058, in async_execute_cell
    await self._check_raise_for_error(cell, cell_index, exec_reply)
  File "/home/runner/micromamba/envs/docs/lib/python3.10/site-packages/nbclient/client.py", line 914, in _check_raise_for_error
    raise CellExecutionError.from_cell_and_msg(cell, exec_reply_content)
nbclient.exceptions.CellExecutionError: An error occurred while executing the following cell:
------------------
msm.get(view, element='group', indices=[81, 82, 83], name=True)
------------------


[0;31m---------------------------------------------------------------------------[0m
[0;31mValueError[0m                                Traceback (most recent call last)
Cell [0;32mIn[7], line 1[0m
[0;32m----> 1[0m [43mmsm[49m[38;5;241;43m.[39;49m[43mget[49m[43m([49m[43mview[49m[43m,[49m[43m [49m[43melement[49m[38;5;241;43m=[39;49m[38;5;124;43m'[39;49m[38;5;124;43mgroup[39;49m[38;5;124;43m'[39;49m[43m,[49m[43m [49m[43mindices[49m[38;5;241;43m=[39;49m[43m[[49m[38;5;241;43m81[39;49m[43m,[49m[43m [49m[38;5;241;43m82[39;49m[43m,[49m[43m [49m[38;5;241;43m83[39;49m[43m][49m[43m,[49m[43m [49m[43mname[49m[38;5;241;43m=[39;49m[38;5;28;43;01mTrue[39;49;00m[43m)[49m

File [0;32m~/micromamba/envs/docs/lib/python3.10/site-packages/molsysmt/_private/digestion/digest.py:119[0m, in [0;36mdigest.<locals>.digestor.<locals>.wrapper[0;34m(*args, **kwargs)[0m
[1;32m    117[0m     [38;5;28;01mreturn[39;00m func(all_args[[38;5;124m'[39m[38;5;124mself[39m[38;5;124m'[39m], [38;5;241m*[39m[38;5;241m*[39mfinal_args)
[1;32m    118[0m [38;5;28;01melse[39;00m:
[0;32m--> 119[0m     [38;5;28;01mreturn[39;00m [43mfunc[49m[43m([49m[38;5;241;43m*[39;49m[38;5;241;43m*[39;49m[43mfinal_args[49m[43m)[49m

File [0;32m~/micromamba/envs/docs/lib/python3.10/site-packages/molsysmt/basic/get.py:148[0m, in [0;36mget[0;34m(molecular_system, element, selection, structure_indices, mask, syntax, output_type, **kwargs)[0m
[1;32m    146[0m in_attributes [38;5;241m=[39m []
[1;32m    147[0m [38;5;28;01mfor[39;00m key [38;5;129;01min[39;00m kwargs[38;5;241m.[39mkeys():
[0;32m--> 148[0m     [38;5;28;01mif[39;00m kwargs[key]:
[1;32m    149[0m         in_attributes[38;5;241m.[39mappend(key)
[1;32m    151[0m [38;5;28;01mif[39;00m [38;5;129;01mnot[39;00m [38;5;28misinstance[39m(molecular_system, ([38;5;28mlist[39m, [38;5;28mtuple[39m)):

[0;31mValueError[0m: The truth value of an array with more than one element is ambiguous. Use a.any() or a.all()

