Traceback (most recent call last):
  File "/home/runner/micromamba/envs/docs/lib/python3.11/site-packages/jupyter_cache/executors/utils.py", line 58, in single_nb_execution
    executenb(
  File "/home/runner/micromamba/envs/docs/lib/python3.11/site-packages/nbclient/client.py", line 1314, in execute
    return NotebookClient(nb=nb, resources=resources, km=km, **kwargs).execute()
           ^^^^^^^^^^^^^^^^^^^^^^^^^^^^^^^^^^^^^^^^^^^^^^^^^^^^^^^^^^^^^^^^^^^^^
  File "/home/runner/micromamba/envs/docs/lib/python3.11/site-packages/jupyter_core/utils/__init__.py", line 165, in wrapped
    return loop.run_until_complete(inner)
           ^^^^^^^^^^^^^^^^^^^^^^^^^^^^^^
  File "/home/runner/micromamba/envs/docs/lib/python3.11/asyncio/base_events.py", line 654, in run_until_complete
    return future.result()
           ^^^^^^^^^^^^^^^
  File "/home/runner/micromamba/envs/docs/lib/python3.11/site-packages/nbclient/client.py", line 709, in async_execute
    await self.async_execute_cell(
  File "/home/runner/micromamba/envs/docs/lib/python3.11/site-packages/nbclient/client.py", line 1062, in async_execute_cell
    await self._check_raise_for_error(cell, cell_index, exec_reply)
  File "/home/runner/micromamba/envs/docs/lib/python3.11/site-packages/nbclient/client.py", line 918, in _check_raise_for_error
    raise CellExecutionError.from_cell_and_msg(cell, exec_reply_content)
nbclient.exceptions.CellExecutionError: An error occurred while executing the following cell:
------------------
msm.view(molecular_system, standard=True, with_water_as='surface')
------------------


[0;31m---------------------------------------------------------------------------[0m
[0;31mImportError[0m                               Traceback (most recent call last)
Cell [0;32mIn[7], line 1[0m
[0;32m----> 1[0m [43mmsm[49m[38;5;241;43m.[39;49m[43mview[49m[43m([49m[43mmolecular_system[49m[43m,[49m[43m [49m[43mstandard[49m[38;5;241;43m=[39;49m[38;5;28;43;01mTrue[39;49;00m[43m,[49m[43m [49m[43mwith_water_as[49m[38;5;241;43m=[39;49m[38;5;124;43m'[39;49m[38;5;124;43msurface[39;49m[38;5;124;43m'[39;49m[43m)[49m

File [0;32m~/micromamba/envs/docs/lib/python3.11/site-packages/molsysmt/_private/digestion/digest.py:122[0m, in [0;36mdigest.<locals>.digestor.<locals>.wrapper[0;34m(*args, **kwargs)[0m
[1;32m    120[0m     [38;5;28;01mreturn[39;00m func(all_args[[38;5;124m'[39m[38;5;124mself[39m[38;5;124m'[39m], [38;5;241m*[39m[38;5;241m*[39mfinal_args)
[1;32m    121[0m [38;5;28;01melse[39;00m:
[0;32m--> 122[0m     [38;5;28;01mreturn[39;00m [43mfunc[49m[43m([49m[38;5;241;43m*[39;49m[38;5;241;43m*[39;49m[43mfinal_args[49m[43m)[49m

File [0;32m~/micromamba/envs/docs/lib/python3.11/site-packages/molsysmt/basic/view.py:137[0m, in [0;36mview[0;34m(molecular_system, selection, structure_indices, standard, with_water_as, with_ions_as, viewer, syntax, skip_digestion)[0m
[1;32m    135[0m [38;5;28;01mif[39;00m with_water_as [38;5;241m==[39m [38;5;124m'[39m[38;5;124msurface[39m[38;5;124m'[39m:
[1;32m    136[0m     [38;5;28;01mif[39;00m viewer[38;5;241m==[39m[38;5;124m'[39m[38;5;124mNGLView[39m[38;5;124m'[39m:
[0;32m--> 137[0m         [38;5;28;01mfrom[39;00m [38;5;21;01mmolsysmt[39;00m[38;5;21;01m.[39;00m[38;5;21;01mthirds[39;00m[38;5;21;01m.[39;00m[38;5;21;01mnglview[39;00m [38;5;28;01mimport[39;00m show_system_as_transparent_surface
[1;32m    138[0m         show_system_as_transparent_surface(tmp_item)
[1;32m    139[0m [38;5;28;01melif[39;00m with_water_as [38;5;241m==[39m [38;5;124m'[39m[38;5;124mlicorice[39m[38;5;124m'[39m:

[0;31mImportError[0m: cannot import name 'show_system_as_transparent_surface' from 'molsysmt.thirds.nglview' (/home/runner/micromamba/envs/docs/lib/python3.11/site-packages/molsysmt/thirds/nglview/__init__.py)

