Traceback (most recent call last):
  File "/home/runner/micromamba/envs/docs/lib/python3.12/site-packages/jupyter_cache/executors/utils.py", line 58, in single_nb_execution
    executenb(
  File "/home/runner/micromamba/envs/docs/lib/python3.12/site-packages/nbclient/client.py", line 1319, in execute
    return NotebookClient(nb=nb, resources=resources, km=km, **kwargs).execute()
           ^^^^^^^^^^^^^^^^^^^^^^^^^^^^^^^^^^^^^^^^^^^^^^^^^^^^^^^^^^^^^^^^^^^^^
  File "/home/runner/micromamba/envs/docs/lib/python3.12/site-packages/jupyter_core/utils/__init__.py", line 165, in wrapped
    return loop.run_until_complete(inner)
           ^^^^^^^^^^^^^^^^^^^^^^^^^^^^^^
  File "/home/runner/micromamba/envs/docs/lib/python3.12/asyncio/base_events.py", line 691, in run_until_complete
    return future.result()
           ^^^^^^^^^^^^^^^
  File "/home/runner/micromamba/envs/docs/lib/python3.12/site-packages/nbclient/client.py", line 709, in async_execute
    await self.async_execute_cell(
  File "/home/runner/micromamba/envs/docs/lib/python3.12/site-packages/nbclient/client.py", line 1062, in async_execute_cell
    await self._check_raise_for_error(cell, cell_index, exec_reply)
  File "/home/runner/micromamba/envs/docs/lib/python3.12/site-packages/nbclient/client.py", line 918, in _check_raise_for_error
    raise CellExecutionError.from_cell_and_msg(cell, exec_reply_content)
nbclient.exceptions.CellExecutionError: An error occurred while executing the following cell:
------------------
msm.info(view)
------------------

----- stdout -----
Warning! The group name LRT is reserved in the Protein Data Bank for a small molecule, not for an amino acid.
Warning! The group name YPL is reserved in the Protein Data Bank for a small molecule, not for an amino acid.
----- stdout -----
Warning! The group name LRT is reserved in the Protein Data Bank for a small molecule, not for an amino acid.
Warning! The group name YPL is reserved in the Protein Data Bank for a small molecule, not for an amino acid.
----- stdout -----
Warning: No max bond length defined between atom types C and CL in group type amino acid. The bond between atoms [17, 18] was defined by max_bond_length=0.2 nanometer.
Warning: No max bond length defined between atom types CL and C in group type amino acid. The bond between atoms [18, 19] was defined by max_bond_length=0.2 nanometer.
Warning: No max bond length defined between atom types C and CL in group type amino acid. The bond between atoms [17, 18] was defined by max_bond_length=0.2 nanometer.
Warning: No max bond length defined between atom types CL and C in group type amino acid. The bond between atoms [18, 19] was defined by max_bond_length=0.2 nanometer.
------------------

[0;31m---------------------------------------------------------------------------[0m
[0;31mAttributeError[0m                            Traceback (most recent call last)
Cell [0;32mIn[5], line 1[0m
[0;32m----> 1[0m [43mmsm[49m[38;5;241;43m.[39;49m[43minfo[49m[43m([49m[43mview[49m[43m)[49m

File [0;32m~/micromamba/envs/docs/lib/python3.12/site-packages/molsysmt/_private/digestion/digest.py:122[0m, in [0;36mdigest.<locals>.digestor.<locals>.wrapper[0;34m(*args, **kwargs)[0m
[1;32m    120[0m     [38;5;28;01mreturn[39;00m func(all_args[[38;5;124m'[39m[38;5;124mself[39m[38;5;124m'[39m], [38;5;241m*[39m[38;5;241m*[39mfinal_args)
[1;32m    121[0m [38;5;28;01melse[39;00m:
[0;32m--> 122[0m     [38;5;28;01mreturn[39;00m [43mfunc[49m[43m([49m[38;5;241;43m*[39;49m[38;5;241;43m*[39;49m[43mfinal_args[49m[43m)[49m

File [0;32m~/micromamba/envs/docs/lib/python3.12/site-packages/molsysmt/basic/info.py:295[0m, in [0;36minfo[0;34m(molecular_system, element, selection, syntax)[0m
[1;32m    286[0m     [38;5;28;01mreturn[39;00m df({[38;5;124m'[39m[38;5;124mindex[39m[38;5;124m'[39m: entity_index, [38;5;124m'[39m[38;5;124mname[39m[38;5;124m'[39m: entity_name, [38;5;124m'[39m[38;5;124mtype[39m[38;5;124m'[39m: entity_type,
[1;32m    287[0m                [38;5;124m'[39m[38;5;124mn atoms[39m[38;5;124m'[39m: n_atoms, [38;5;124m'[39m[38;5;124mn groups[39m[38;5;124m'[39m: n_groups, [38;5;124m'[39m[38;5;124mn components[39m[38;5;124m'[39m: n_components,
[1;32m    288[0m                [38;5;124m'[39m[38;5;124mn chains[39m[38;5;124m'[39m: n_chains, [38;5;124m'[39m[38;5;124mn molecules[39m[38;5;124m'[39m: n_molecules
[1;32m    289[0m                })[38;5;241m.[39mstyle[38;5;241m.[39mhide(axis[38;5;241m=[39m[38;5;124m'[39m[38;5;124mindex[39m[38;5;124m'[39m)
[1;32m    291[0m [38;5;28;01melif[39;00m element [38;5;241m==[39m [38;5;124m'[39m[38;5;124msystem[39m[38;5;124m'[39m:
[1;32m    293[0m     n_atoms, n_groups, n_components, n_chains, n_molecules, n_entities, n_structures, \
[1;32m    294[0m     n_ions, n_waters, n_small_molecules, n_peptides, n_proteins, n_dnas, \
[0;32m--> 295[0m     n_rnas, n_lipids, n_oligosaccharides, n_saccharides [38;5;241m=[39m [43mget[49m[43m([49m[43mmolecular_system[49m[43m,[49m[43m [49m[43melement[49m[38;5;241;43m=[39;49m[43melement[49m[43m,[49m[43m [49m[43mskip_digestion[49m[38;5;241;43m=[39;49m[38;5;28;43;01mTrue[39;49;00m[43m,[49m
[1;32m    296[0m [43m            [49m[43mn_atoms[49m[38;5;241;43m=[39;49m[38;5;28;43;01mTrue[39;49;00m[43m,[49m[43m [49m[43mn_groups[49m[38;5;241;43m=[39;49m[38;5;28;43;01mTrue[39;49;00m[43m,[49m
[1;32m    297[0m [43m            [49m[43mn_components[49m[38;5;241;43m=[39;49m[38;5;28;43;01mTrue[39;49;00m[43m,[49m[43m [49m[43mn_chains[49m[38;5;241;43m=[39;49m[38;5;28;43;01mTrue[39;49;00m[43m,[49m[43m [49m[43mn_molecules[49m[38;5;241;43m=[39;49m[38;5;28;43;01mTrue[39;49;00m[43m,[49m[43m [49m[43mn_entities[49m[38;5;241;43m=[39;49m[38;5;28;43;01mTrue[39;49;00m[43m,[49m[43m [49m[43mn_structures[49m[38;5;241;43m=[39;49m[38;5;28;43;01mTrue[39;49;00m[43m,[49m[43m [49m[43mn_ions[49m[38;5;241;43m=[39;49m[38;5;28;43;01mTrue[39;49;00m[43m,[49m
[1;32m    298[0m [43m            [49m[43mn_waters[49m[38;5;241;43m=[39;49m[38;5;28;43;01mTrue[39;49;00m[43m,[49m[43m [49m[43mn_small_molecules[49m[38;5;241;43m=[39;49m[38;5;28;43;01mTrue[39;49;00m[43m,[49m[43m [49m[43mn_peptides[49m[38;5;241;43m=[39;49m[38;5;28;43;01mTrue[39;49;00m[43m,[49m[43m [49m[43mn_proteins[49m[38;5;241;43m=[39;49m[38;5;28;43;01mTrue[39;49;00m[43m,[49m[43m [49m[43mn_dnas[49m[38;5;241;43m=[39;49m[38;5;28;43;01mTrue[39;49;00m[43m,[49m
[1;32m    299[0m [43m            [49m[43mn_rnas[49m[38;5;241;43m=[39;49m[38;5;28;43;01mTrue[39;49;00m[43m,[49m[43m [49m[43mn_lipids[49m[38;5;241;43m=[39;49m[38;5;28;43;01mTrue[39;49;00m[43m,[49m[43m [49m[43mn_oligosaccharides[49m[38;5;241;43m=[39;49m[38;5;28;43;01mTrue[39;49;00m[43m,[49m[43m [49m[43mn_saccharides[49m[38;5;241;43m=[39;49m[38;5;28;43;01mTrue[39;49;00m[43m)[49m
[1;32m    301[0m     [38;5;28;01mif[39;00m [38;5;129;01mnot[39;00m attributes_filter[[38;5;124m'[39m[38;5;124mn_atoms[39m[38;5;124m'[39m]: n_atoms[38;5;241m=[39m[38;5;28;01mNone[39;00m
[1;32m    302[0m     [38;5;28;01mif[39;00m [38;5;129;01mnot[39;00m attributes_filter[[38;5;124m'[39m[38;5;124mn_groups[39m[38;5;124m'[39m]: n_groups[38;5;241m=[39m[38;5;28;01mNone[39;00m

File [0;32m~/micromamba/envs/docs/lib/python3.12/site-packages/molsysmt/_private/digestion/digest.py:52[0m, in [0;36mdigest.<locals>.digestor.<locals>.wrapper[0;34m(*args, **kwargs)[0m
[1;32m     48[0m [38;5;129m@functools[39m[38;5;241m.[39mwraps(func)
[1;32m     49[0m [38;5;28;01mdef[39;00m[38;5;250m [39m[38;5;21mwrapper[39m([38;5;241m*[39margs, [38;5;241m*[39m[38;5;241m*[39mkwargs):
[1;32m     51[0m     [38;5;28;01mif[39;00m kwargs[38;5;241m.[39mget([38;5;124m'[39m[38;5;124mskip_digestion[39m[38;5;124m'[39m, [38;5;28;01mFalse[39;00m):
[0;32m---> 52[0m         [38;5;28;01mreturn[39;00m [43mfunc[49m[43m([49m[38;5;241;43m*[39;49m[43margs[49m[43m,[49m[43m [49m[38;5;241;43m*[39;49m[38;5;241;43m*[39;49m[43mkwargs[49m[43m)[49m
[1;32m     54[0m     [38;5;66;03m# Define caller[39;00m
[1;32m     56[0m     caller [38;5;241m=[39m func[38;5;241m.[39m[38;5;18m__module__[39m[38;5;241m+[39m[38;5;124m'[39m[38;5;124m.[39m[38;5;124m'[39m[38;5;241m+[39mfunc[38;5;241m.[39m[38;5;18m__name__[39m

File [0;32m~/micromamba/envs/docs/lib/python3.12/site-packages/molsysmt/basic/get.py:179[0m, in [0;36mget[0;34m(molecular_system, element, selection, structure_indices, mask, syntax, get_missing_bonds, output_type, skip_digestion, **kwargs)[0m
[1;32m    176[0m     [38;5;28;01melse[39;00m:
[1;32m    177[0m         indices [38;5;241m=[39m select(molecular_system, element[38;5;241m=[39melement, selection[38;5;241m=[39mmask, syntax[38;5;241m=[39msyntax, skip_digestion[38;5;241m=[39m[38;5;28;01mTrue[39;00m)
[0;32m--> 179[0m piped_molecular_systems, piped_attributes [38;5;241m=[39m [43m_piped_molecular_system[49m[43m([49m[43mmolecular_system[49m[43m,[49m[43m [49m[43melement[49m[43m,[49m[43m [49m[43min_attributes[49m[43m)[49m
[1;32m    181[0m [38;5;28;01mif[39;00m piped_molecular_systems [38;5;129;01mis[39;00m [38;5;28;01mNone[39;00m:
[1;32m    183[0m     output [38;5;241m=[39m []

File [0;32m~/micromamba/envs/docs/lib/python3.12/site-packages/molsysmt/basic/get.py:353[0m, in [0;36m_piped_molecular_system[0;34m(molecular_system, element, in_attributes)[0m
[1;32m    349[0m [38;5;28;01melse[39;00m:
[1;32m    351[0m     [38;5;28;01mif[39;00m n_any_pipes [38;5;241m==[39m [38;5;241m1[39m:
[0;32m--> 353[0m         aux_molecular_system [38;5;241m=[39m [43mconvert[49m[43m([49m[43mmolecular_system[49m[43m,[49m[43m [49m[43mto_form[49m[38;5;241;43m=[39;49m[43maux_any_pipes[49m[43m[[49m[38;5;241;43m0[39;49m[43m][49m[43m,[49m
[1;32m    354[0m [43m                                       [49m[43mget_missing_bonds[49m[38;5;241;43m=[39;49m[43mbonds_required_by_attributes[49m[43m,[49m[43m [49m[43mskip_digestion[49m[38;5;241;43m=[39;49m[38;5;28;43;01mTrue[39;49;00m[43m)[49m
[1;32m    356[0m         output_systems[38;5;241m.[39mappend(aux_molecular_system)
[1;32m    357[0m         output_attributes[38;5;241m.[39mappend(aux_topological_attributes[38;5;241m+[39maux_structural_attributes)

File [0;32m~/micromamba/envs/docs/lib/python3.12/site-packages/molsysmt/_private/digestion/digest.py:52[0m, in [0;36mdigest.<locals>.digestor.<locals>.wrapper[0;34m(*args, **kwargs)[0m
[1;32m     48[0m [38;5;129m@functools[39m[38;5;241m.[39mwraps(func)
[1;32m     49[0m [38;5;28;01mdef[39;00m[38;5;250m [39m[38;5;21mwrapper[39m([38;5;241m*[39margs, [38;5;241m*[39m[38;5;241m*[39mkwargs):
[1;32m     51[0m     [38;5;28;01mif[39;00m kwargs[38;5;241m.[39mget([38;5;124m'[39m[38;5;124mskip_digestion[39m[38;5;124m'[39m, [38;5;28;01mFalse[39;00m):
[0;32m---> 52[0m         [38;5;28;01mreturn[39;00m [43mfunc[49m[43m([49m[38;5;241;43m*[39;49m[43margs[49m[43m,[49m[43m [49m[38;5;241;43m*[39;49m[38;5;241;43m*[39;49m[43mkwargs[49m[43m)[49m
[1;32m     54[0m     [38;5;66;03m# Define caller[39;00m
[1;32m     56[0m     caller [38;5;241m=[39m func[38;5;241m.[39m[38;5;18m__module__[39m[38;5;241m+[39m[38;5;124m'[39m[38;5;124m.[39m[38;5;124m'[39m[38;5;241m+[39mfunc[38;5;241m.[39m[38;5;18m__name__[39m

File [0;32m~/micromamba/envs/docs/lib/python3.12/site-packages/molsysmt/basic/convert.py:530[0m, in [0;36mconvert[0;34m(molecular_system, to_form, selection, structure_indices, syntax, verbose, skip_digestion, **kwargs)[0m
[1;32m    528[0m [38;5;66;03m# If one to one[39;00m
[1;32m    529[0m [38;5;28;01mif[39;00m [38;5;129;01mnot[39;00m [38;5;28misinstance[39m(from_form, ([38;5;28mlist[39m, [38;5;28mtuple[39m)):
[0;32m--> 530[0m     output [38;5;241m=[39m [43m_convert_one_to_one[49m[43m([49m[43mmolecular_system[49m[43m,[49m[43m [49m[43mfrom_form[49m[43m,[49m[43m [49m[43mto_form[49m[38;5;241;43m=[39;49m[43mto_form[49m[43m,[49m[43m [49m[43mselection[49m[38;5;241;43m=[39;49m[43mselection[49m[43m,[49m[43m [49m[43mstructure_indices[49m[38;5;241;43m=[39;49m[43mstructure_indices[49m[43m,[49m
[1;32m    531[0m [43m            [49m[43msyntax[49m[38;5;241;43m=[39;49m[43msyntax[49m[43m,[49m[43m [49m[43mverbose[49m[38;5;241;43m=[39;49m[43mverbose[49m[43m,[49m[43m [49m[43mskip_digestion[49m[38;5;241;43m=[39;49m[38;5;28;43;01mTrue[39;49;00m[43m,[49m[43m [49m[38;5;241;43m*[39;49m[38;5;241;43m*[39;49m[43mkwargs[49m[43m)[49m
[1;32m    533[0m [38;5;66;03m# If multiple to one[39;00m
[1;32m    534[0m 
[1;32m    535[0m [38;5;28;01melse[39;00m:
[1;32m    536[0m 
[1;32m    537[0m     [38;5;66;03m# conversions in private shortcuts[39;00m
[1;32m    538[0m     [38;5;28;01mif[39;00m [38;5;28mtuple[39m([38;5;28msorted[39m(from_form)) [38;5;129;01min[39;00m _multiple_conversion_shortcuts:

File [0;32m~/micromamba/envs/docs/lib/python3.12/site-packages/molsysmt/basic/convert.py:87[0m, in [0;36m_convert_one_to_one[0;34m(molecular_system, from_form, to_form, selection, structure_indices, syntax, verbose, **kwargs)[0m
[1;32m     84[0m         [38;5;28;01mif[39;00m [38;5;28mlen[39m(missing_arguments)[38;5;241m>[39m[38;5;241m0[39m:
[1;32m     85[0m             [38;5;28;01mraise[39;00m NotCompatibleConversionError(from_form, to_form, missing_arguments)
[0;32m---> 87[0m     output [38;5;241m=[39m [43mfunction[49m[43m([49m[43mmolecular_system[49m[43m,[49m[43m [49m[38;5;241;43m*[39;49m[38;5;241;43m*[39;49m[43mconversion_arguments[49m[43m,[49m[43m [49m[38;5;241;43m*[39;49m[38;5;241;43m*[39;49m[43mkwargs[49m[43m)[49m
[1;32m     89[0m [38;5;28;01melif[39;00m ([38;5;124m'[39m[38;5;124mmolsysmt.MolSys[39m[38;5;124m'[39m [38;5;129;01min[39;00m _dict_modules[from_form][38;5;241m.[39m_convert_to) [38;5;129;01mand[39;00m (to_form [38;5;129;01min[39;00m _dict_modules[[38;5;124m'[39m[38;5;124mmolsysmt.MolSys[39m[38;5;124m'[39m][38;5;241m.[39m_convert_to):
[1;32m     91[0m     output [38;5;241m=[39m _convert_one_to_one(molecular_system, from_form, to_form[38;5;241m=[39m[38;5;124m'[39m[38;5;124mmolsysmt.MolSys[39m[38;5;124m'[39m, selection[38;5;241m=[39mselection,
[1;32m     92[0m             structure_indices[38;5;241m=[39mstructure_indices, syntax[38;5;241m=[39msyntax, [38;5;241m*[39m[38;5;241m*[39mkwargs)

File [0;32m~/micromamba/envs/docs/lib/python3.12/site-packages/molsysmt/_private/digestion/digest.py:52[0m, in [0;36mdigest.<locals>.digestor.<locals>.wrapper[0;34m(*args, **kwargs)[0m
[1;32m     48[0m [38;5;129m@functools[39m[38;5;241m.[39mwraps(func)
[1;32m     49[0m [38;5;28;01mdef[39;00m[38;5;250m [39m[38;5;21mwrapper[39m([38;5;241m*[39margs, [38;5;241m*[39m[38;5;241m*[39mkwargs):
[1;32m     51[0m     [38;5;28;01mif[39;00m kwargs[38;5;241m.[39mget([38;5;124m'[39m[38;5;124mskip_digestion[39m[38;5;124m'[39m, [38;5;28;01mFalse[39;00m):
[0;32m---> 52[0m         [38;5;28;01mreturn[39;00m [43mfunc[49m[43m([49m[38;5;241;43m*[39;49m[43margs[49m[43m,[49m[43m [49m[38;5;241;43m*[39;49m[38;5;241;43m*[39;49m[43mkwargs[49m[43m)[49m
[1;32m     54[0m     [38;5;66;03m# Define caller[39;00m
[1;32m     56[0m     caller [38;5;241m=[39m func[38;5;241m.[39m[38;5;18m__module__[39m[38;5;241m+[39m[38;5;124m'[39m[38;5;124m.[39m[38;5;124m'[39m[38;5;241m+[39mfunc[38;5;241m.[39m[38;5;18m__name__[39m

File [0;32m~/micromamba/envs/docs/lib/python3.12/site-packages/molsysmt/form/nglview_NGLWidget/to_molsysmt_MolSys.py:14[0m, in [0;36mto_molsysmt_MolSys[0;34m(item, atom_indices, structure_indices, get_missing_bonds, skip_digestion)[0m
[1;32m     11[0m tmp_item [38;5;241m=[39m MolSys()
[1;32m     12[0m tmp_item[38;5;241m.[39mtopology [38;5;241m=[39m to_molsysmt_Topology(item, atom_indices[38;5;241m=[39matom_indices, get_missing_bonds[38;5;241m=[39mget_missing_bonds,
[1;32m     13[0m                                          skip_digestion[38;5;241m=[39m[38;5;28;01mTrue[39;00m)
[0;32m---> 14[0m tmp_item[38;5;241m.[39mstructures [38;5;241m=[39m [43mto_molsysmt_Structures[49m[43m([49m[43mitem[49m[43m,[49m[43m [49m[43matom_indices[49m[38;5;241;43m=[39;49m[43matom_indices[49m[43m,[49m
[1;32m     15[0m [43m                                             [49m[43mstructure_indices[49m[38;5;241;43m=[39;49m[43mstructure_indices[49m[43m,[49m[43m [49m[43mskip_digestion[49m[38;5;241;43m=[39;49m[38;5;28;43;01mTrue[39;49;00m[43m)[49m
[1;32m     16[0m [38;5;28;01mreturn[39;00m tmp_item

File [0;32m~/micromamba/envs/docs/lib/python3.12/site-packages/molsysmt/_private/digestion/digest.py:52[0m, in [0;36mdigest.<locals>.digestor.<locals>.wrapper[0;34m(*args, **kwargs)[0m
[1;32m     48[0m [38;5;129m@functools[39m[38;5;241m.[39mwraps(func)
[1;32m     49[0m [38;5;28;01mdef[39;00m[38;5;250m [39m[38;5;21mwrapper[39m([38;5;241m*[39margs, [38;5;241m*[39m[38;5;241m*[39mkwargs):
[1;32m     51[0m     [38;5;28;01mif[39;00m kwargs[38;5;241m.[39mget([38;5;124m'[39m[38;5;124mskip_digestion[39m[38;5;124m'[39m, [38;5;28;01mFalse[39;00m):
[0;32m---> 52[0m         [38;5;28;01mreturn[39;00m [43mfunc[49m[43m([49m[38;5;241;43m*[39;49m[43margs[49m[43m,[49m[43m [49m[38;5;241;43m*[39;49m[38;5;241;43m*[39;49m[43mkwargs[49m[43m)[49m
[1;32m     54[0m     [38;5;66;03m# Define caller[39;00m
[1;32m     56[0m     caller [38;5;241m=[39m func[38;5;241m.[39m[38;5;18m__module__[39m[38;5;241m+[39m[38;5;124m'[39m[38;5;124m.[39m[38;5;124m'[39m[38;5;241m+[39mfunc[38;5;241m.[39m[38;5;18m__name__[39m

File [0;32m~/micromamba/envs/docs/lib/python3.12/site-packages/molsysmt/form/nglview_NGLWidget/to_molsysmt_Structures.py:23[0m, in [0;36mto_molsysmt_Structures[0;34m(item, atom_indices, structure_indices, skip_digestion)[0m
[1;32m     21[0m [38;5;28;01mfor[39;00m ii [38;5;129;01min[39;00m structure_indices:
[1;32m     22[0m     [38;5;28;01mif[39;00m is_all(atom_indices):
[0;32m---> 23[0m         coordinates[38;5;241m.[39mappend([43mitem[49m[43m[[49m[38;5;241;43m0[39;49m[43m][49m[38;5;241;43m.[39;49m[43mget_coordinates[49m(ii))
[1;32m     24[0m     [38;5;28;01melse[39;00m:
[1;32m     25[0m         coordinates[38;5;241m.[39mappend(item[[38;5;241m0[39m][38;5;241m.[39mget_coordinates(ii)[atom_indices,:])

[0;31mAttributeError[0m: 'ComponentViewer' object has no attribute 'get_coordinates'

