Traceback (most recent call last):
  File "/home/runner/micromamba/envs/docs/lib/python3.10/site-packages/jupyter_cache/executors/utils.py", line 58, in single_nb_execution
    executenb(
  File "/home/runner/micromamba/envs/docs/lib/python3.10/site-packages/nbclient/client.py", line 1305, in execute
    return NotebookClient(nb=nb, resources=resources, km=km, **kwargs).execute()
  File "/home/runner/micromamba/envs/docs/lib/python3.10/site-packages/jupyter_core/utils/__init__.py", line 173, in wrapped
    return loop.run_until_complete(inner)
  File "/home/runner/micromamba/envs/docs/lib/python3.10/asyncio/base_events.py", line 649, in run_until_complete
    return future.result()
  File "/home/runner/micromamba/envs/docs/lib/python3.10/site-packages/nbclient/client.py", line 705, in async_execute
    await self.async_execute_cell(
  File "/home/runner/micromamba/envs/docs/lib/python3.10/site-packages/nbclient/client.py", line 1058, in async_execute_cell
    await self._check_raise_for_error(cell, cell_index, exec_reply)
  File "/home/runner/micromamba/envs/docs/lib/python3.10/site-packages/nbclient/client.py", line 914, in _check_raise_for_error
    raise CellExecutionError.from_cell_and_msg(cell, exec_reply_content)
nbclient.exceptions.CellExecutionError: An error occurred while executing the following cell:
------------------
distances.keys()
------------------


[0;31m---------------------------------------------------------------------------[0m
[0;31mAttributeError[0m                            Traceback (most recent call last)
File [0;32m~/micromamba/envs/docs/lib/python3.10/site-packages/pint/facets/numpy/quantity.py:229[0m, in [0;36mNumpyQuantity.__getattr__[0;34m(self, item)[0m
[1;32m    228[0m [38;5;28;01mtry[39;00m:
[0;32m--> 229[0m     [38;5;28;01mreturn[39;00m [38;5;28;43mgetattr[39;49m[43m([49m[38;5;28;43mself[39;49m[38;5;241;43m.[39;49m[43m_magnitude[49m[43m,[49m[43m [49m[43mitem[49m[43m)[49m
[1;32m    230[0m [38;5;28;01mexcept[39;00m [38;5;167;01mAttributeError[39;00m:

[0;31mAttributeError[0m: 'numpy.ndarray' object has no attribute 'keys'

During handling of the above exception, another exception occurred:

[0;31mAttributeError[0m                            Traceback (most recent call last)
Cell [0;32mIn[20], line 1[0m
[0;32m----> 1[0m [43mdistances[49m[38;5;241;43m.[39;49m[43mkeys[49m()

File [0;32m~/micromamba/envs/docs/lib/python3.10/site-packages/pint/facets/numpy/quantity.py:231[0m, in [0;36mNumpyQuantity.__getattr__[0;34m(self, item)[0m
[1;32m    229[0m     [38;5;28;01mreturn[39;00m [38;5;28mgetattr[39m([38;5;28mself[39m[38;5;241m.[39m_magnitude, item)
[1;32m    230[0m [38;5;28;01mexcept[39;00m [38;5;167;01mAttributeError[39;00m:
[0;32m--> 231[0m     [38;5;28;01mraise[39;00m [38;5;167;01mAttributeError[39;00m(
[1;32m    232[0m         [38;5;124m"[39m[38;5;124mNeither Quantity object nor its magnitude ([39m[38;5;132;01m{}[39;00m[38;5;124m) [39m[38;5;124m"[39m
[1;32m    233[0m         [38;5;124m"[39m[38;5;124mhas attribute [39m[38;5;124m'[39m[38;5;132;01m{}[39;00m[38;5;124m'[39m[38;5;124m"[39m[38;5;241m.[39mformat([38;5;28mself[39m[38;5;241m.[39m_magnitude, item)
[1;32m    234[0m     )

[0;31mAttributeError[0m: Neither Quantity object nor its magnitude ([[[2.44948974 1.41421356]]

 [[3.46410162 1.41421356]]

 [[2.82842712 1.73205081]]]) has attribute 'keys'

