Traceback (most recent call last):
  File "/home/runner/micromamba/envs/docs/lib/python3.11/site-packages/jupyter_cache/executors/utils.py", line 58, in single_nb_execution
    executenb(
  File "/home/runner/micromamba/envs/docs/lib/python3.11/site-packages/nbclient/client.py", line 1314, in execute
    return NotebookClient(nb=nb, resources=resources, km=km, **kwargs).execute()
           ^^^^^^^^^^^^^^^^^^^^^^^^^^^^^^^^^^^^^^^^^^^^^^^^^^^^^^^^^^^^^^^^^^^^^
  File "/home/runner/micromamba/envs/docs/lib/python3.11/site-packages/jupyter_core/utils/__init__.py", line 165, in wrapped
    return loop.run_until_complete(inner)
           ^^^^^^^^^^^^^^^^^^^^^^^^^^^^^^
  File "/home/runner/micromamba/envs/docs/lib/python3.11/asyncio/base_events.py", line 654, in run_until_complete
    return future.result()
           ^^^^^^^^^^^^^^^
  File "/home/runner/micromamba/envs/docs/lib/python3.11/site-packages/nbclient/client.py", line 709, in async_execute
    await self.async_execute_cell(
  File "/home/runner/micromamba/envs/docs/lib/python3.11/site-packages/nbclient/client.py", line 1062, in async_execute_cell
    await self._check_raise_for_error(cell, cell_index, exec_reply)
  File "/home/runner/micromamba/envs/docs/lib/python3.11/site-packages/nbclient/client.py", line 918, in _check_raise_for_error
    raise CellExecutionError.from_cell_and_msg(cell, exec_reply_content)
nbclient.exceptions.CellExecutionError: An error occurred while executing the following cell:
------------------
contact_map = msm.structure.get_contacts(molecular_system,
                              groups_of_atoms=atoms_in_residues_chain_0, group_behavior='geometric_center',
                              groups_of_atoms_2=atoms_in_residues_chain_1, group_behavior_2='geometric_center',
                              threshold='1.2 nm')
------------------


[0;31m---------------------------------------------------------------------------[0m
[0;31mArgumentError[0m                             Traceback (most recent call last)
Cell [0;32mIn[14], line 1[0m
[0;32m----> 1[0m contact_map [38;5;241m=[39m [43mmsm[49m[38;5;241;43m.[39;49m[43mstructure[49m[38;5;241;43m.[39;49m[43mget_contacts[49m[43m([49m[43mmolecular_system[49m[43m,[49m
[1;32m      2[0m [43m                              [49m[43mgroups_of_atoms[49m[38;5;241;43m=[39;49m[43matoms_in_residues_chain_0[49m[43m,[49m[43m [49m[43mgroup_behavior[49m[38;5;241;43m=[39;49m[38;5;124;43m'[39;49m[38;5;124;43mgeometric_center[39;49m[38;5;124;43m'[39;49m[43m,[49m
[1;32m      3[0m [43m                              [49m[43mgroups_of_atoms_2[49m[38;5;241;43m=[39;49m[43matoms_in_residues_chain_1[49m[43m,[49m[43m [49m[43mgroup_behavior_2[49m[38;5;241;43m=[39;49m[38;5;124;43m'[39;49m[38;5;124;43mgeometric_center[39;49m[38;5;124;43m'[39;49m[43m,[49m
[1;32m      4[0m [43m                              [49m[43mthreshold[49m[38;5;241;43m=[39;49m[38;5;124;43m'[39;49m[38;5;124;43m1.2 nm[39;49m[38;5;124;43m'[39;49m[43m)[49m

File [0;32m~/micromamba/envs/docs/lib/python3.11/site-packages/molsysmt/_private/digestion/digest.py:109[0m, in [0;36mdigest.<locals>.digestor.<locals>.wrapper[0;34m(*args, **kwargs)[0m
[1;32m    105[0m     [38;5;28;01mpass[39;00m
[1;32m    108[0m [38;5;28;01mfor[39;00m arg_name [38;5;129;01min[39;00m all_args:
[0;32m--> 109[0m     [43mgut[49m[43m([49m[43marg_name[49m[43m)[49m
[1;32m    112[0m [38;5;28;01mfor[39;00m arg_name [38;5;129;01min[39;00m not_digested_args:
[1;32m    113[0m     [38;5;28;01mif[39;00m arg_name [38;5;129;01mnot[39;00m [38;5;129;01min[39;00m [[38;5;124m'[39m[38;5;124mself[39m[38;5;124m'[39m]:

File [0;32m~/micromamba/envs/docs/lib/python3.11/site-packages/molsysmt/_private/digestion/digest.py:100[0m, in [0;36mdigest.<locals>.digestor.<locals>.wrapper.<locals>.gut[0;34m(arg_name)[0m
[1;32m     98[0m         [38;5;28;01melse[39;00m:
[1;32m     99[0m             parameters_dict[parameter] [38;5;241m=[39m [38;5;28;01mNone[39;00m
[0;32m--> 100[0m     digested_args[arg_name] [38;5;241m=[39m [43mdigestion_functions[49m[43m[[49m[43marg_name[49m[43m][49m[43m([49m[43mall_args[49m[43m[[49m[43marg_name[49m[43m][49m[43m,[49m
[1;32m    101[0m [43m                                                  [49m[43mcaller[49m[38;5;241;43m=[39;49m[43mcaller[49m[43m,[49m
[1;32m    102[0m [43m                                                  [49m[38;5;241;43m*[39;49m[38;5;241;43m*[39;49m[43mparameters_dict[49m[43m)[49m
[1;32m    103[0m [38;5;28;01melse[39;00m:
[1;32m    104[0m     not_digested_args[arg_name] [38;5;241m=[39m all_args[arg_name]

File [0;32m~/micromamba/envs/docs/lib/python3.11/site-packages/molsysmt/_private/digestion/argument/group_behavior.py:12[0m, in [0;36mdigest_group_behavior[0;34m(group_behavior, caller)[0m
[1;32m      9[0m     [38;5;28;01mif[39;00m group_behavior[38;5;241m.[39mlower() [38;5;129;01min[39;00m [[38;5;124m'[39m[38;5;124mcenter of mass[39m[38;5;124m'[39m, [38;5;124m'[39m[38;5;124mgeometric center[39m[38;5;124m'[39m, [38;5;124m'[39m[38;5;124mclosest[39m[38;5;124m'[39m, [38;5;124m'[39m[38;5;124mfarthest[39m[38;5;124m'[39m]:
[1;32m     10[0m         [38;5;28;01mreturn[39;00m group_behavior[38;5;241m.[39mlower()
[0;32m---> 12[0m [38;5;28;01mraise[39;00m ArgumentError([38;5;124m'[39m[38;5;124mgroup_behavior[39m[38;5;124m'[39m, value[38;5;241m=[39mgroup_behavior, caller[38;5;241m=[39mcaller, message[38;5;241m=[39m[38;5;28;01mNone[39;00m)

[0;31mArgumentError[0m: Error in molsysmt.structure.get_contacts.get_contacts due to the group_behavior argument with value geometric_center.Check  for more information. If you still need help, open a new issue in https://github.com/uibcdf/MolSysMT/issues.

