Traceback (most recent call last):
  File "/home/runner/micromamba/envs/docs/lib/python3.12/site-packages/jupyter_cache/executors/utils.py", line 58, in single_nb_execution
    executenb(
  File "/home/runner/micromamba/envs/docs/lib/python3.12/site-packages/nbclient/client.py", line 1319, in execute
    return NotebookClient(nb=nb, resources=resources, km=km, **kwargs).execute()
           ^^^^^^^^^^^^^^^^^^^^^^^^^^^^^^^^^^^^^^^^^^^^^^^^^^^^^^^^^^^^^^^^^^^^^
  File "/home/runner/micromamba/envs/docs/lib/python3.12/site-packages/jupyter_core/utils/__init__.py", line 165, in wrapped
    return loop.run_until_complete(inner)
           ^^^^^^^^^^^^^^^^^^^^^^^^^^^^^^
  File "/home/runner/micromamba/envs/docs/lib/python3.12/asyncio/base_events.py", line 691, in run_until_complete
    return future.result()
           ^^^^^^^^^^^^^^^
  File "/home/runner/micromamba/envs/docs/lib/python3.12/site-packages/nbclient/client.py", line 709, in async_execute
    await self.async_execute_cell(
  File "/home/runner/micromamba/envs/docs/lib/python3.12/site-packages/nbclient/client.py", line 1062, in async_execute_cell
    await self._check_raise_for_error(cell, cell_index, exec_reply)
  File "/home/runner/micromamba/envs/docs/lib/python3.12/site-packages/nbclient/client.py", line 918, in _check_raise_for_error
    raise CellExecutionError.from_cell_and_msg(cell, exec_reply_content)
nbclient.exceptions.CellExecutionError: An error occurred while executing the following cell:
------------------
msm.compare(molecular_system_A, molecular_system_B, coordinates=True, box=True, n_groups=True)
------------------


[0;31m---------------------------------------------------------------------------[0m
[0;31mArgumentError[0m                             Traceback (most recent call last)
Cell [0;32mIn[6], line 1[0m
[0;32m----> 1[0m [43mmsm[49m[38;5;241;43m.[39;49m[43mcompare[49m[43m([49m[43mmolecular_system_A[49m[43m,[49m[43m [49m[43mmolecular_system_B[49m[43m,[49m[43m [49m[43mcoordinates[49m[38;5;241;43m=[39;49m[38;5;28;43;01mTrue[39;49;00m[43m,[49m[43m [49m[43mbox[49m[38;5;241;43m=[39;49m[38;5;28;43;01mTrue[39;49;00m[43m,[49m[43m [49m[43mn_groups[49m[38;5;241;43m=[39;49m[38;5;28;43;01mTrue[39;49;00m[43m)[49m

File [0;32m~/micromamba/envs/docs/lib/python3.12/site-packages/molsysmt/_private/digestion/digest.py:122[0m, in [0;36mdigest.<locals>.digestor.<locals>.wrapper[0;34m(*args, **kwargs)[0m
[1;32m    120[0m     [38;5;28;01mreturn[39;00m func(all_args[[38;5;124m'[39m[38;5;124mself[39m[38;5;124m'[39m], [38;5;241m*[39m[38;5;241m*[39mfinal_args)
[1;32m    121[0m [38;5;28;01melse[39;00m:
[0;32m--> 122[0m     [38;5;28;01mreturn[39;00m [43mfunc[49m[43m([49m[38;5;241;43m*[39;49m[38;5;241;43m*[39;49m[43mfinal_args[49m[43m)[49m

File [0;32m~/micromamba/envs/docs/lib/python3.12/site-packages/molsysmt/basic/compare.py:238[0m, in [0;36mcompare[0;34m(molecular_system, molecular_system_2, selection, structure_indices, selection_2, structure_indices_2, syntax, rule, output_type, attribute_type, **kwargs)[0m
[1;32m    236[0m         [38;5;28;01mif[39;00m atts[38;5;241m.[39missubset(aux_atts):
[1;32m    237[0m             [38;5;28;01mbreak[39;00m
[0;32m--> 238[0m dict_aux [38;5;241m=[39m [43mget[49m[43m([49m[43maux_molecular_system[49m[43m,[49m[43m [49m[43melement[49m[38;5;241;43m=[39;49m[43melement[49m[43m,[49m[43m [49m[43mselection[49m[38;5;241;43m=[39;49m[43mselection[49m[43m,[49m
[1;32m    239[0m [43m               [49m[43mstructure_indices[49m[38;5;241;43m=[39;49m[43mstructure_indices[49m[43m,[49m[43m [49m[43msyntax[49m[38;5;241;43m=[39;49m[43msyntax[49m[43m,[49m
[1;32m    240[0m [43m               [49m[43moutput_type[49m[38;5;241;43m=[39;49m[38;5;124;43m'[39;49m[38;5;124;43mdictionary[39;49m[38;5;124;43m'[39;49m[43m,[49m[43m [49m[38;5;241;43m*[39;49m[38;5;241;43m*[39;49m[43m{[49m[43mii[49m[43m:[49m[38;5;28;43;01mTrue[39;49;00m[43m [49m[38;5;28;43;01mfor[39;49;00m[43m [49m[43mii[49m[43m [49m[38;5;129;43;01min[39;49;00m[43m [49m[43matts[49m[43m}[49m[43m)[49m
[1;32m    241[0m dict_A[38;5;241m.[39mupdate(dict_aux)
[1;32m    243[0m [38;5;28;01mif[39;00m piped_system_B [38;5;129;01mis[39;00m [38;5;28;01mNone[39;00m:

File [0;32m~/micromamba/envs/docs/lib/python3.12/site-packages/molsysmt/_private/digestion/digest.py:109[0m, in [0;36mdigest.<locals>.digestor.<locals>.wrapper[0;34m(*args, **kwargs)[0m
[1;32m    105[0m     [38;5;28;01mpass[39;00m
[1;32m    108[0m [38;5;28;01mfor[39;00m arg_name [38;5;129;01min[39;00m all_args:
[0;32m--> 109[0m     [43mgut[49m[43m([49m[43marg_name[49m[43m)[49m
[1;32m    112[0m [38;5;28;01mfor[39;00m arg_name [38;5;129;01min[39;00m not_digested_args:
[1;32m    113[0m     [38;5;28;01mif[39;00m arg_name [38;5;129;01mnot[39;00m [38;5;129;01min[39;00m [[38;5;124m'[39m[38;5;124mself[39m[38;5;124m'[39m]:

File [0;32m~/micromamba/envs/docs/lib/python3.12/site-packages/molsysmt/_private/digestion/digest.py:100[0m, in [0;36mdigest.<locals>.digestor.<locals>.wrapper.<locals>.gut[0;34m(arg_name)[0m
[1;32m     98[0m         [38;5;28;01melse[39;00m:
[1;32m     99[0m             parameters_dict[parameter] [38;5;241m=[39m [38;5;28;01mNone[39;00m
[0;32m--> 100[0m     digested_args[arg_name] [38;5;241m=[39m [43mdigestion_functions[49m[43m[[49m[43marg_name[49m[43m][49m[43m([49m[43mall_args[49m[43m[[49m[43marg_name[49m[43m][49m[43m,[49m
[1;32m    101[0m [43m                                                  [49m[43mcaller[49m[38;5;241;43m=[39;49m[43mcaller[49m[43m,[49m
[1;32m    102[0m [43m                                                  [49m[38;5;241;43m*[39;49m[38;5;241;43m*[39;49m[43mparameters_dict[49m[43m)[49m
[1;32m    103[0m [38;5;28;01melse[39;00m:
[1;32m    104[0m     not_digested_args[arg_name] [38;5;241m=[39m all_args[arg_name]

File [0;32m~/micromamba/envs/docs/lib/python3.12/site-packages/molsysmt/_private/digestion/argument/molecular_system.py:44[0m, in [0;36mdigest_molecular_system[0;34m(molecular_system, caller)[0m
[1;32m     41[0m [38;5;28;01mif[39;00m is_a_molecular_system(molecular_system):
[1;32m     42[0m     [38;5;28;01mreturn[39;00m molecular_system
[0;32m---> 44[0m [38;5;28;01mraise[39;00m ArgumentError([38;5;124m'[39m[38;5;124mmolecular_system[39m[38;5;124m'[39m, value[38;5;241m=[39mmolecular_system, caller[38;5;241m=[39mcaller, message[38;5;241m=[39m[38;5;28;01mNone[39;00m)

[0;31mArgumentError[0m: Error in molsysmt.basic.get.get due to the molecular_system argument with value None.Check  for more information. If you still need help, open a new issue in https://github.com/uibcdf/MolSysMT/issues.

