Traceback (most recent call last):
  File "/home/runner/micromamba/envs/docs/lib/python3.10/site-packages/jupyter_cache/executors/utils.py", line 58, in single_nb_execution
    executenb(
  File "/home/runner/micromamba/envs/docs/lib/python3.10/site-packages/nbclient/client.py", line 1305, in execute
    return NotebookClient(nb=nb, resources=resources, km=km, **kwargs).execute()
  File "/home/runner/micromamba/envs/docs/lib/python3.10/site-packages/jupyter_core/utils/__init__.py", line 173, in wrapped
    return loop.run_until_complete(inner)
  File "/home/runner/micromamba/envs/docs/lib/python3.10/asyncio/base_events.py", line 649, in run_until_complete
    return future.result()
  File "/home/runner/micromamba/envs/docs/lib/python3.10/site-packages/nbclient/client.py", line 705, in async_execute
    await self.async_execute_cell(
  File "/home/runner/micromamba/envs/docs/lib/python3.10/site-packages/nbclient/client.py", line 1058, in async_execute_cell
    await self._check_raise_for_error(cell, cell_index, exec_reply)
  File "/home/runner/micromamba/envs/docs/lib/python3.10/site-packages/nbclient/client.py", line 914, in _check_raise_for_error
    raise CellExecutionError.from_cell_and_msg(cell, exec_reply_content)
nbclient.exceptions.CellExecutionError: An error occurred while executing the following cell:
------------------
molecular_system_A = '181L'
molecular_system_B = msm.convert(molecular_system_A, to_form='181L.mmtf')
molecular_system_C = msm.convert(molecular_system_B)
molecular_system_D = msm.convert(molecular_system_C, to_form='string:pdb_text')
molecular_system_E = msm.convert(molecular_system_D, to_form='mdtraj.Trajectory')
molecular_system_F = msm.convert(molecular_system_E, to_form='nglview.NGLWidget')
molecular_system_G = msm.convert(molecular_system_F, to_form='openmm.Topology')
molecular_system_H = msm.convert(molecular_system_G, to_form='string:aminoacids3')
------------------


[0;31m---------------------------------------------------------------------------[0m
[0;31mTypeError[0m                                 Traceback (most recent call last)
Cell [0;32mIn[3], line 8[0m
[1;32m      6[0m molecular_system_F [38;5;241m=[39m msm[38;5;241m.[39mconvert(molecular_system_E, to_form[38;5;241m=[39m[38;5;124m'[39m[38;5;124mnglview.NGLWidget[39m[38;5;124m'[39m)
[1;32m      7[0m molecular_system_G [38;5;241m=[39m msm[38;5;241m.[39mconvert(molecular_system_F, to_form[38;5;241m=[39m[38;5;124m'[39m[38;5;124mopenmm.Topology[39m[38;5;124m'[39m)
[0;32m----> 8[0m molecular_system_H [38;5;241m=[39m [43mmsm[49m[38;5;241;43m.[39;49m[43mconvert[49m[43m([49m[43mmolecular_system_G[49m[43m,[49m[43m [49m[43mto_form[49m[38;5;241;43m=[39;49m[38;5;124;43m'[39;49m[38;5;124;43mstring:aminoacids3[39;49m[38;5;124;43m'[39;49m[43m)[49m

File [0;32m~/micromamba/envs/docs/lib/python3.10/site-packages/molsysmt/_private/digestion/digest.py:119[0m, in [0;36mdigest.<locals>.digestor.<locals>.wrapper[0;34m(*args, **kwargs)[0m
[1;32m    117[0m     [38;5;28;01mreturn[39;00m func(all_args[[38;5;124m'[39m[38;5;124mself[39m[38;5;124m'[39m], [38;5;241m*[39m[38;5;241m*[39mfinal_args)
[1;32m    118[0m [38;5;28;01melse[39;00m:
[0;32m--> 119[0m     [38;5;28;01mreturn[39;00m [43mfunc[49m[43m([49m[38;5;241;43m*[39;49m[38;5;241;43m*[39;49m[43mfinal_args[49m[43m)[49m

File [0;32m~/micromamba/envs/docs/lib/python3.10/site-packages/molsysmt/basic/convert.py:509[0m, in [0;36mconvert[0;34m(molecular_system, to_form, selection, structure_indices, syntax, verbose, **kwargs)[0m
[1;32m    505[0m [38;5;66;03m# If one to one[39;00m
[1;32m    507[0m [38;5;28;01mif[39;00m [38;5;129;01mnot[39;00m [38;5;28misinstance[39m(from_form, ([38;5;28mlist[39m, [38;5;28mtuple[39m)):
[0;32m--> 509[0m     output [38;5;241m=[39m [43m_convert_one_to_one[49m[43m([49m[43mmolecular_system[49m[43m,[49m[43m [49m[43mto_form[49m[38;5;241;43m=[39;49m[43mto_form[49m[43m,[49m[43m [49m[43mselection[49m[38;5;241;43m=[39;49m[43mselection[49m[43m,[49m[43m [49m[43mstructure_indices[49m[38;5;241;43m=[39;49m[43mstructure_indices[49m[43m,[49m
[1;32m    510[0m [43m            [49m[43msyntax[49m[38;5;241;43m=[39;49m[43msyntax[49m[43m,[49m[43m [49m[43mverbose[49m[38;5;241;43m=[39;49m[43mverbose[49m[43m,[49m[43m [49m[38;5;241;43m*[39;49m[38;5;241;43m*[39;49m[43mkwargs[49m[43m)[49m
[1;32m    513[0m [38;5;66;03m# If multiple to one[39;00m
[1;32m    514[0m 
[1;32m    515[0m [38;5;28;01melse[39;00m:
[1;32m    516[0m 
[1;32m    517[0m     [38;5;66;03m# conversions in private shortcuts[39;00m
[1;32m    518[0m     [38;5;28;01mif[39;00m [38;5;28mtuple[39m([38;5;28msorted[39m(from_form)) [38;5;129;01min[39;00m _multiple_conversion_shortcuts:

File [0;32m~/micromamba/envs/docs/lib/python3.10/site-packages/molsysmt/basic/convert.py:73[0m, in [0;36m_convert_one_to_one[0;34m(molecular_system, to_form, selection, structure_indices, syntax, verbose, **kwargs)[0m
[1;32m     70[0m     [38;5;28;01mif[39;00m [38;5;28mlen[39m(missing_arguments)[38;5;241m>[39m[38;5;241m0[39m:
[1;32m     71[0m         [38;5;28;01mraise[39;00m NotCompatibleConversionError(from_form, to_form, missing_arguments)
[0;32m---> 73[0m     output [38;5;241m=[39m [43mfunction[49m[43m([49m[43mmolecular_system[49m[43m,[49m[43m [49m[38;5;241;43m*[39;49m[38;5;241;43m*[39;49m[43mconversion_arguments[49m[43m,[49m[43m [49m[38;5;241;43m*[39;49m[38;5;241;43m*[39;49m[43mkwargs[49m[43m)[49m
[1;32m     75[0m [38;5;28;01melif[39;00m ([38;5;124m'[39m[38;5;124mmolsysmt.MolSys[39m[38;5;124m'[39m [38;5;129;01min[39;00m _dict_modules[from_form][38;5;241m.[39m_convert_to) [38;5;129;01mand[39;00m (to_form [38;5;129;01min[39;00m _dict_modules[[38;5;124m'[39m[38;5;124mmolsysmt.MolSys[39m[38;5;124m'[39m][38;5;241m.[39m_convert_to):
[1;32m     77[0m     output [38;5;241m=[39m _convert_one_to_one(molecular_system, to_form[38;5;241m=[39m[38;5;124m'[39m[38;5;124mmolsysmt.MolSys[39m[38;5;124m'[39m, selection[38;5;241m=[39mselection,
[1;32m     78[0m             structure_indices[38;5;241m=[39mstructure_indices, syntax[38;5;241m=[39msyntax, [38;5;241m*[39m[38;5;241m*[39mkwargs)

File [0;32m~/micromamba/envs/docs/lib/python3.10/site-packages/molsysmt/_private/digestion/digest.py:119[0m, in [0;36mdigest.<locals>.digestor.<locals>.wrapper[0;34m(*args, **kwargs)[0m
[1;32m    117[0m     [38;5;28;01mreturn[39;00m func(all_args[[38;5;124m'[39m[38;5;124mself[39m[38;5;124m'[39m], [38;5;241m*[39m[38;5;241m*[39mfinal_args)
[1;32m    118[0m [38;5;28;01melse[39;00m:
[0;32m--> 119[0m     [38;5;28;01mreturn[39;00m [43mfunc[49m[43m([49m[38;5;241;43m*[39;49m[38;5;241;43m*[39;49m[43mfinal_args[49m[43m)[49m

File [0;32m~/micromamba/envs/docs/lib/python3.10/site-packages/molsysmt/form/openmm_Topology/to_string_aminoacids3.py:10[0m, in [0;36mto_string_aminoacids3[0;34m(item, atom_indices)[0m
[1;32m      7[0m [38;5;28;01mfrom[39;00m [38;5;21;01m.[39;00m[38;5;21;01m.[39;00m[38;5;21;01mmolsysmt_Topology[39;00m [38;5;28;01mimport[39;00m to_string_aminoacids3 [38;5;28;01mas[39;00m molsysmt_Topology_to_string_aminoacids3
[1;32m      9[0m tmp_item [38;5;241m=[39m to_molsysmt_Topology(item)
[0;32m---> 10[0m tmp_item [38;5;241m=[39m [43mmolsysmt_Topology_to_string_aminoacids3[49m[43m([49m[43mtmp_item[49m[43m,[49m[43m [49m[43matom_indices[49m[38;5;241;43m=[39;49m[43matom_indices[49m[43m)[49m
[1;32m     12[0m [38;5;28;01mreturn[39;00m tmp_item

File [0;32m~/micromamba/envs/docs/lib/python3.10/site-packages/molsysmt/_private/digestion/digest.py:119[0m, in [0;36mdigest.<locals>.digestor.<locals>.wrapper[0;34m(*args, **kwargs)[0m
[1;32m    117[0m     [38;5;28;01mreturn[39;00m func(all_args[[38;5;124m'[39m[38;5;124mself[39m[38;5;124m'[39m], [38;5;241m*[39m[38;5;241m*[39mfinal_args)
[1;32m    118[0m [38;5;28;01melse[39;00m:
[0;32m--> 119[0m     [38;5;28;01mreturn[39;00m [43mfunc[49m[43m([49m[38;5;241;43m*[39;49m[38;5;241;43m*[39;49m[43mfinal_args[49m[43m)[49m

[0;31mTypeError[0m: to_string_aminoacids3() got an unexpected keyword argument 'atom_indices'

