Traceback (most recent call last):
  File "/home/runner/micromamba/envs/docs/lib/python3.10/site-packages/jupyter_cache/executors/utils.py", line 58, in single_nb_execution
    executenb(
  File "/home/runner/micromamba/envs/docs/lib/python3.10/site-packages/nbclient/client.py", line 1305, in execute
    return NotebookClient(nb=nb, resources=resources, km=km, **kwargs).execute()
  File "/home/runner/micromamba/envs/docs/lib/python3.10/site-packages/jupyter_core/utils/__init__.py", line 173, in wrapped
    return loop.run_until_complete(inner)
  File "/home/runner/micromamba/envs/docs/lib/python3.10/asyncio/base_events.py", line 649, in run_until_complete
    return future.result()
  File "/home/runner/micromamba/envs/docs/lib/python3.10/site-packages/nbclient/client.py", line 705, in async_execute
    await self.async_execute_cell(
  File "/home/runner/micromamba/envs/docs/lib/python3.10/site-packages/nbclient/client.py", line 1058, in async_execute_cell
    await self._check_raise_for_error(cell, cell_index, exec_reply)
  File "/home/runner/micromamba/envs/docs/lib/python3.10/site-packages/nbclient/client.py", line 914, in _check_raise_for_error
    raise CellExecutionError.from_cell_and_msg(cell, exec_reply_content)
nbclient.exceptions.CellExecutionError: An error occurred while executing the following cell:
------------------
msm.set(molecular_system, selection='group_index==30', group_name='HSD')
------------------


[0;31m---------------------------------------------------------------------------[0m
[0;31mArgumentError[0m                             Traceback (most recent call last)
Cell [0;32mIn[6], line 1[0m
[0;32m----> 1[0m [43mmsm[49m[38;5;241;43m.[39;49m[43mset[49m[43m([49m[43mmolecular_system[49m[43m,[49m[43m [49m[43mselection[49m[38;5;241;43m=[39;49m[38;5;124;43m'[39;49m[38;5;124;43mgroup_index==30[39;49m[38;5;124;43m'[39;49m[43m,[49m[43m [49m[43mgroup_name[49m[38;5;241;43m=[39;49m[38;5;124;43m'[39;49m[38;5;124;43mHSD[39;49m[38;5;124;43m'[39;49m[43m)[49m

File [0;32m~/micromamba/envs/docs/lib/python3.10/site-packages/molsysmt/_private/digestion/digest.py:119[0m, in [0;36mdigest.<locals>.digestor.<locals>.wrapper[0;34m(*args, **kwargs)[0m
[1;32m    117[0m     [38;5;28;01mreturn[39;00m func(all_args[[38;5;124m'[39m[38;5;124mself[39m[38;5;124m'[39m], [38;5;241m*[39m[38;5;241m*[39mfinal_args)
[1;32m    118[0m [38;5;28;01melse[39;00m:
[0;32m--> 119[0m     [38;5;28;01mreturn[39;00m [43mfunc[49m[43m([49m[38;5;241;43m*[39;49m[38;5;241;43m*[39;49m[43mfinal_args[49m[43m)[49m

File [0;32m~/micromamba/envs/docs/lib/python3.10/site-packages/molsysmt/basic/set.py:145[0m, in [0;36mset[0;34m(molecular_system, element, selection, structure_indices, syntax, **kwargs)[0m
[1;32m    143[0m         in_value [38;5;241m=[39m value_of_in_attribute[in_attribute]
[1;32m    144[0m         set_function [38;5;241m=[39m [38;5;28mgetattr[39m(_dict_modules[form], [38;5;124mf[39m[38;5;124m'[39m[38;5;124mset_[39m[38;5;132;01m{[39;00min_attribute[38;5;132;01m}[39;00m[38;5;124m_to_[39m[38;5;132;01m{[39;00melement[38;5;132;01m}[39;00m[38;5;124m'[39m)
[0;32m--> 145[0m         [43mset_function[49m[43m([49m[43mitem[49m[43m,[49m[43m [49m[38;5;241;43m*[39;49m[38;5;241;43m*[39;49m[43mdict_indices[49m[43m,[49m[43m [49m[43mvalue[49m[38;5;241;43m=[39;49m[43min_value[49m[43m)[49m
[1;32m    147[0m [38;5;28;01melse[39;00m:
[1;32m    149[0m     indices [38;5;241m=[39m [38;5;28;01mNone[39;00m

File [0;32m~/micromamba/envs/docs/lib/python3.10/site-packages/molsysmt/_private/digestion/digest.py:119[0m, in [0;36mdigest.<locals>.digestor.<locals>.wrapper[0;34m(*args, **kwargs)[0m
[1;32m    117[0m     [38;5;28;01mreturn[39;00m func(all_args[[38;5;124m'[39m[38;5;124mself[39m[38;5;124m'[39m], [38;5;241m*[39m[38;5;241m*[39mfinal_args)
[1;32m    118[0m [38;5;28;01melse[39;00m:
[0;32m--> 119[0m     [38;5;28;01mreturn[39;00m [43mfunc[49m[43m([49m[38;5;241;43m*[39;49m[38;5;241;43m*[39;49m[43mfinal_args[49m[43m)[49m

File [0;32m~/micromamba/envs/docs/lib/python3.10/site-packages/molsysmt/form/molsysmt_MolSys/set.py:236[0m, in [0;36mset_group_name_to_group[0;34m(item, indices, value)[0m
[1;32m    231[0m [38;5;129m@digest[39m(form[38;5;241m=[39mform)
[1;32m    232[0m [38;5;28;01mdef[39;00m [38;5;21mset_group_name_to_group[39m(item, indices[38;5;241m=[39m[38;5;124m'[39m[38;5;124mall[39m[38;5;124m'[39m, value[38;5;241m=[39m[38;5;28;01mNone[39;00m):
[1;32m    234[0m     [38;5;28;01mfrom[39;00m [38;5;21;01m.[39;00m[38;5;21;01m.[39;00m[38;5;21;01mmolsysmt_Topology[39;00m [38;5;28;01mimport[39;00m set_group_name_to_group [38;5;28;01mas[39;00m aux_set
[0;32m--> 236[0m     [38;5;28;01mreturn[39;00m [43maux_set[49m[43m([49m[43mitem[49m[38;5;241;43m.[39;49m[43mtopology[49m[43m,[49m[43m [49m[43mindices[49m[38;5;241;43m=[39;49m[43mindices[49m[43m,[49m[43m [49m[43mvalue[49m[38;5;241;43m=[39;49m[43mvalue[49m[43m)[49m

File [0;32m~/micromamba/envs/docs/lib/python3.10/site-packages/molsysmt/_private/digestion/digest.py:119[0m, in [0;36mdigest.<locals>.digestor.<locals>.wrapper[0;34m(*args, **kwargs)[0m
[1;32m    117[0m     [38;5;28;01mreturn[39;00m func(all_args[[38;5;124m'[39m[38;5;124mself[39m[38;5;124m'[39m], [38;5;241m*[39m[38;5;241m*[39mfinal_args)
[1;32m    118[0m [38;5;28;01melse[39;00m:
[0;32m--> 119[0m     [38;5;28;01mreturn[39;00m [43mfunc[49m[43m([49m[38;5;241;43m*[39;49m[38;5;241;43m*[39;49m[43mfinal_args[49m[43m)[49m

File [0;32m~/micromamba/envs/docs/lib/python3.10/site-packages/molsysmt/form/molsysmt_Topology/set.py:301[0m, in [0;36mset_group_name_to_group[0;34m(item, indices, value)[0m
[1;32m    298[0m     atom_indices [38;5;241m=[39m np[38;5;241m.[39mconcatenate(atom_indices_in_groups)
[1;32m    299[0m     [38;5;28;01mdel[39;00m(temp_value)
[0;32m--> 301[0m [43mset_group_name_to_atom[49m[43m([49m[43mitem[49m[43m,[49m[43m [49m[43mindices[49m[38;5;241;43m=[39;49m[43matom_indices[49m[43m,[49m[43m [49m[43mvalue[49m[38;5;241;43m=[39;49m[43mvalue[49m[43m)[49m
[1;32m    303[0m [38;5;28;01mdel[39;00m(indices, atom_indices, value)
[1;32m    305[0m [38;5;28;01mpass[39;00m

File [0;32m~/micromamba/envs/docs/lib/python3.10/site-packages/molsysmt/_private/digestion/digest.py:106[0m, in [0;36mdigest.<locals>.digestor.<locals>.wrapper[0;34m(*args, **kwargs)[0m
[1;32m    102[0m     [38;5;28;01mpass[39;00m
[1;32m    105[0m [38;5;28;01mfor[39;00m arg_name [38;5;129;01min[39;00m all_args:
[0;32m--> 106[0m     [43mgut[49m[43m([49m[43marg_name[49m[43m)[49m
[1;32m    109[0m [38;5;28;01mfor[39;00m arg_name [38;5;129;01min[39;00m not_digested_args:
[1;32m    110[0m     [38;5;28;01mif[39;00m arg_name [38;5;129;01mnot[39;00m [38;5;129;01min[39;00m [[38;5;124m'[39m[38;5;124mself[39m[38;5;124m'[39m]:

File [0;32m~/micromamba/envs/docs/lib/python3.10/site-packages/molsysmt/_private/digestion/digest.py:97[0m, in [0;36mdigest.<locals>.digestor.<locals>.wrapper.<locals>.gut[0;34m(arg_name)[0m
[1;32m     95[0m         [38;5;28;01melse[39;00m:
[1;32m     96[0m             parameters_dict[parameter] [38;5;241m=[39m [38;5;28;01mNone[39;00m
[0;32m---> 97[0m     digested_args[arg_name] [38;5;241m=[39m [43mdigestion_functions[49m[43m[[49m[43marg_name[49m[43m][49m[43m([49m[43mall_args[49m[43m[[49m[43marg_name[49m[43m][49m[43m,[49m
[1;32m     98[0m [43m                                                  [49m[43mcaller[49m[38;5;241;43m=[39;49m[43mcaller[49m[43m,[49m
[1;32m     99[0m [43m                                                  [49m[38;5;241;43m*[39;49m[38;5;241;43m*[39;49m[43mparameters_dict[49m[43m)[49m
[1;32m    100[0m [38;5;28;01melse[39;00m:
[1;32m    101[0m     not_digested_args[arg_name] [38;5;241m=[39m all_args[arg_name]

File [0;32m~/micromamba/envs/docs/lib/python3.10/site-packages/molsysmt/_private/digestion/argument/value.py:35[0m, in [0;36mdigest_value[0;34m(value, caller)[0m
[1;32m     33[0m [38;5;28;01mif[39;00m caller[38;5;241m.[39mendswith([38;5;124m'[39m[38;5;124mset_group_name_to_atom[39m[38;5;124m'[39m):
[1;32m     34[0m     [38;5;28;01mfrom[39;00m [38;5;21;01m.[39;00m[38;5;21;01mgroup_name[39;00m [38;5;28;01mimport[39;00m digest_group_name
[0;32m---> 35[0m     [38;5;28;01mreturn[39;00m [43mdigest_group_name[49m[43m([49m[43mvalue[49m[43m,[49m[43m [49m[43mcaller[49m[38;5;241;43m=[39;49m[43mcaller[49m[43m)[49m
[1;32m     37[0m [38;5;28;01mif[39;00m caller[38;5;241m.[39mendswith([38;5;124m'[39m[38;5;124mset_group_id_to_atom[39m[38;5;124m'[39m):
[1;32m     38[0m     [38;5;28;01mfrom[39;00m [38;5;21;01m.[39;00m[38;5;21;01mgroup_id[39;00m [38;5;28;01mimport[39;00m digest_group_id

File [0;32m~/micromamba/envs/docs/lib/python3.10/site-packages/molsysmt/_private/digestion/argument/group_name.py:43[0m, in [0;36mdigest_group_name[0;34m(group_name, caller)[0m
[1;32m     40[0m [38;5;28;01melif[39;00m [38;5;28misinstance[39m(group_name, [38;5;28mstr[39m):
[1;32m     41[0m     [38;5;28;01mreturn[39;00m group_name
[0;32m---> 43[0m [38;5;28;01mraise[39;00m ArgumentError([38;5;124m'[39m[38;5;124mgroup_name[39m[38;5;124m'[39m, value[38;5;241m=[39mgroup_name, caller[38;5;241m=[39mcaller, message[38;5;241m=[39m[38;5;28;01mNone[39;00m)

[0;31mArgumentError[0m: Error in molsysmt.form.molsysmt_Topology.set.set_group_name_to_atom due to the group_name argument with value ['HSD' 'HSD' 'HSD' 'HSD' 'HSD' 'HSD' 'HSD' 'HSD' 'HSD' 'HSD'].Check  for more information. If you still need help, open a new issue in https://github.com/uibcdf/MolSysMT/issues.

